<?xml version="1.0" encoding="utf-8"?>
<TestRun id="8599bdc2-b626-45ef-bf32-e4740eb7f654" name="ADMIN@TIENVO 2026-01-28 08:51:41" runUser="TIENVO\ADMIN" xmlns="http://microsoft.com/schemas/VisualStudio/TeamTest/2010">
  <Times creation="2026-01-28T08:51:41.7268084+07:00" queuing="2026-01-28T08:51:41.7268090+07:00" start="2026-01-28T08:51:31.4115444+07:00" finish="2026-01-28T08:51:41.7701661+07:00" />
  <TestSettings name="default" id="8bdd4b8d-94d6-4ae6-a92c-eb9fcf4cd75e">
    <Deployment runDeploymentRoot="ADMIN_TIENVO_2026-01-28_08_51_41" />
  </TestSettings>
  <Results>
    <UnitTestResult executionId="d86428cb-ddfa-4fd4-a917-d57bc75bd88a" testId="f83502cc-5b02-c031-6974-361e791214eb" testName="VNVTStore.IntegrationTests.PromotionDebugTests.CreatePromotion_Debug" computerName="TIENVO" duration="00:00:09.2875159" startTime="2026-01-28T08:51:41.5630293+07:00" endTime="2026-01-28T08:51:41.5630531+07:00" testType="13cdc9d9-ddb5-4fa4-a97d-d965ccfc6d4b" outcome="Failed" testListId="8c84fa94-04c1-424b-9868-57a2d4851a1d" relativeResultsDirectory="d86428cb-ddfa-4fd4-a917-d57bc75bd88a">
      <Output>
        <ErrorInfo>
          <Message>System.Exception : Test failed with status InternalServerError. Content: {"Success":false,"Message":"An error occurred while saving the entity changes. See the inner exception for details. | Inner: 23514: new row for relation \u0022TblPromotion\u0022 violates check constraint \u0022TblPromotion_DiscountType_check\u0022\r\n\r\nDETAIL: Detail redacted as it may contain sensitive data. Specify \u0027Include Error Detail\u0027 in the connection string to include this information.","Data":null,"StatusCode":500}</Message>
          <StackTrace>   at VNVTStore.IntegrationTests.PromotionDebugTests.CreatePromotion_Debug() in D:\VNVTStoreApp\VNVTStore.Backend\tests\VNVTStore.IntegrationTests\PromotionDebugTests.cs:line 41&#xD;
--- End of stack trace from previous location ---</StackTrace>
        </ErrorInfo>
      </Output>
    </UnitTestResult>
  </Results>
  <TestDefinitions>
    <UnitTest name="VNVTStore.IntegrationTests.PromotionDebugTests.CreatePromotion_Debug" storage="d:\vnvtstoreapp\vnvtstore.backend\tests\vnvtstore.integrationtests\bin\debug\net9.0\vnvtstore.integrationtests.dll" id="f83502cc-5b02-c031-6974-361e791214eb">
      <Execution id="d86428cb-ddfa-4fd4-a917-d57bc75bd88a" />
      <TestMethod codeBase="D:\VNVTStoreApp\VNVTStore.Backend\tests\VNVTStore.IntegrationTests\bin\Debug\net9.0\VNVTStore.IntegrationTests.dll" adapterTypeName="executor://xunit/VsTestRunner2/netcoreapp" className="VNVTStore.IntegrationTests.PromotionDebugTests" name="CreatePromotion_Debug" />
    </UnitTest>
  </TestDefinitions>
  <TestEntries>
    <TestEntry testId="f83502cc-5b02-c031-6974-361e791214eb" executionId="d86428cb-ddfa-4fd4-a917-d57bc75bd88a" testListId="8c84fa94-04c1-424b-9868-57a2d4851a1d" />
  </TestEntries>
  <TestLists>
    <TestList name="Results Not in a List" id="8c84fa94-04c1-424b-9868-57a2d4851a1d" />
    <TestList name="All Loaded Results" id="19431567-8539-422a-85d7-44ee4e166bda" />
  </TestLists>
  <ResultSummary outcome="Failed">
    <Counters total="1" executed="1" passed="0" failed="1" error="0" timeout="0" aborted="0" inconclusive="0" passedButRunAborted="0" notRunnable="0" notExecuted="0" disconnected="0" warning="0" completed="0" inProgress="0" pending="0" />
    <Output>
      <StdOut>[xUnit.net 00:00:00.00] xUnit.net VSTest Adapter v2.8.2+699d445a1a (64-bit .NET 9.0.8)&#xD;
[xUnit.net 00:00:00.12]   Discovering: VNVTStore.IntegrationTests&#xD;
[xUnit.net 00:00:00.17]   Discovered:  VNVTStore.IntegrationTests&#xD;
[xUnit.net 00:00:00.18]   Starting:    VNVTStore.IntegrationTests&#xD;
[Warning] Firebase initialization skipped for debugging/migrations.&#xD;
warn: Microsoft.EntityFrameworkCore.Model.Validation[20601]&#xD;
      The 'OrderStatus' property 'Status' on entity type 'TblOrder' is configured with a database-generated default, but has no configured sentinel value. The database-generated default will always be used for inserts when the property has the value 'Pending', since this is the CLR default for the 'OrderStatus' type. Consider using a nullable type, using a nullable backing field, or setting the sentinel value for the property to ensure the database default is used when, and only when, appropriate. See https://aka.ms/efcore-docs-default-values for more information.&#xD;
warn: Microsoft.EntityFrameworkCore.Model.Validation[20601]&#xD;
      The 'PaymentStatus' property 'Status' on entity type 'TblPayment' is configured with a database-generated default, but has no configured sentinel value. The database-generated default will always be used for inserts when the property has the value 'Pending', since this is the CLR default for the 'PaymentStatus' type. Consider using a nullable type, using a nullable backing field, or setting the sentinel value for the property to ensure the database default is used when, and only when, appropriate. See https://aka.ms/efcore-docs-default-values for more information.&#xD;
warn: Microsoft.EntityFrameworkCore.Model.Validation[20601]&#xD;
      The 'UserRole' property 'Role' on entity type 'TblUser' is configured with a database-generated default, but has no configured sentinel value. The database-generated default will always be used for inserts when the property has the value 'Customer', since this is the CLR default for the 'UserRole' type. Consider using a nullable type, using a nullable backing field, or setting the sentinel value for the property to ensure the database default is used when, and only when, appropriate. See https://aka.ms/efcore-docs-default-values for more information.&#xD;
warn: Microsoft.AspNetCore.HttpsPolicy.HttpsRedirectionMiddleware[3]&#xD;
      Failed to determine the https port for redirect.&#xD;
fail: Microsoft.EntityFrameworkCore.Database.Command[20102]&#xD;
      Failed executing DbCommand (299ms) [Parameters=[@p0='?', @p1='?' (DbType = DateTime), @p2='?', @p3='?', @p4='?' (DbType = Decimal), @p5='?' (DbType = DateTime), @p6='?' (DbType = Decimal), @p7='?' (DbType = Decimal), @p8='?', @p9='?' (DbType = DateTime), @p10='?' (DbType = DateTime), @p11='?' (DbType = Int32)], CommandType='Text', CommandTimeout='30']&#xD;
      INSERT INTO "TblPromotion" ("Code", "CreatedAt", "Description", "DiscountType", "DiscountValue", "EndDate", "MaxDiscountAmount", "MinOrderAmount", "Name", "StartDate", "UpdatedAt", "UsageLimit")&#xD;
      VALUES (@p0, @p1, @p2, @p3, @p4, @p5, @p6, @p7, @p8, @p9, @p10, @p11)&#xD;
      RETURNING "IsActive", "ModifiedType";&#xD;
fail: Microsoft.EntityFrameworkCore.Update[10000]&#xD;
      An exception occurred in the database while saving changes for context type 'VNVTStore.Infrastructure.Persistence.ApplicationDbContext'.&#xD;
      Microsoft.EntityFrameworkCore.DbUpdateException: An error occurred while saving the entity changes. See the inner exception for details.&#xD;
       ---&gt; Npgsql.PostgresException (0x80004005): 23514: new row for relation "TblPromotion" violates check constraint "TblPromotion_DiscountType_check"&#xD;
      DETAIL: Detail redacted as it may contain sensitive data. Specify 'Include Error Detail' in the connection string to include this information.&#xD;
         at Npgsql.Internal.NpgsqlConnector.ReadMessageLong(Boolean async, DataRowLoadingMode dataRowLoadingMode, Boolean readingNotifications, Boolean isReadingPrependedMessage)&#xD;
         at System.Runtime.CompilerServices.PoolingAsyncValueTaskMethodBuilder`1.StateMachineBox`1.System.Threading.Tasks.Sources.IValueTaskSource&lt;TResult&gt;.GetResult(Int16 token)&#xD;
         at Npgsql.NpgsqlDataReader.NextResult(Boolean async, Boolean isConsuming, CancellationToken cancellationToken)&#xD;
         at Npgsql.NpgsqlDataReader.NextResult(Boolean async, Boolean isConsuming, CancellationToken cancellationToken)&#xD;
         at Npgsql.NpgsqlCommand.ExecuteReader(Boolean async, CommandBehavior behavior, CancellationToken cancellationToken)&#xD;
         at Npgsql.NpgsqlCommand.ExecuteReader(Boolean async, CommandBehavior behavior, CancellationToken cancellationToken)&#xD;
         at Npgsql.NpgsqlCommand.ExecuteDbDataReaderAsync(CommandBehavior behavior, CancellationToken cancellationToken)&#xD;
         at Microsoft.EntityFrameworkCore.Storage.RelationalCommand.ExecuteReaderAsync(RelationalCommandParameterObject parameterObject, CancellationToken cancellationToken)&#xD;
         at Microsoft.EntityFrameworkCore.Storage.RelationalCommand.ExecuteReaderAsync(RelationalCommandParameterObject parameterObject, CancellationToken cancellationToken)&#xD;
         at Microsoft.EntityFrameworkCore.Update.ReaderModificationCommandBatch.ExecuteAsync(IRelationalConnection connection, CancellationToken cancellationToken)&#xD;
        Exception data:&#xD;
          Severity: ERROR&#xD;
          SqlState: 23514&#xD;
          MessageText: new row for relation "TblPromotion" violates check constraint "TblPromotion_DiscountType_check"&#xD;
          Detail: Detail redacted as it may contain sensitive data. Specify 'Include Error Detail' in the connection string to include this information.&#xD;
          SchemaName: public&#xD;
          TableName: TblPromotion&#xD;
          ConstraintName: TblPromotion_DiscountType_check&#xD;
          File: execMain.c&#xD;
          Line: 2119&#xD;
          Routine: ExecConstraints&#xD;
         --- End of inner exception stack trace ---&#xD;
         at Microsoft.EntityFrameworkCore.Update.ReaderModificationCommandBatch.ExecuteAsync(IRelationalConnection connection, CancellationToken cancellationToken)&#xD;
         at Microsoft.EntityFrameworkCore.Update.Internal.BatchExecutor.ExecuteAsync(IEnumerable`1 commandBatches, IRelationalConnection connection, CancellationToken cancellationToken)&#xD;
         at Microsoft.EntityFrameworkCore.Update.Internal.BatchExecutor.ExecuteAsync(IEnumerable`1 commandBatches, IRelationalConnection connection, CancellationToken cancellationToken)&#xD;
         at Microsoft.EntityFrameworkCore.Update.Internal.BatchExecutor.ExecuteAsync(IEnumerable`1 commandBatches, IRelationalConnection connection, CancellationToken cancellationToken)&#xD;
         at Microsoft.EntityFrameworkCore.ChangeTracking.Internal.StateManager.SaveChangesAsync(IList`1 entriesToSave, CancellationToken cancellationToken)&#xD;
         at Microsoft.EntityFrameworkCore.ChangeTracking.Internal.StateManager.SaveChangesAsync(StateManager stateManager, Boolean acceptAllChangesOnSuccess, CancellationToken cancellationToken)&#xD;
         at Npgsql.EntityFrameworkCore.PostgreSQL.Storage.Internal.NpgsqlExecutionStrategy.ExecuteAsync[TState,TResult](TState state, Func`4 operation, Func`4 verifySucceeded, CancellationToken cancellationToken)&#xD;
         at Microsoft.EntityFrameworkCore.DbContext.SaveChangesAsync(Boolean acceptAllChangesOnSuccess, CancellationToken cancellationToken)&#xD;
      Microsoft.EntityFrameworkCore.DbUpdateException: An error occurred while saving the entity changes. See the inner exception for details.&#xD;
       ---&gt; Npgsql.PostgresException (0x80004005): 23514: new row for relation "TblPromotion" violates check constraint "TblPromotion_DiscountType_check"&#xD;
      DETAIL: Detail redacted as it may contain sensitive data. Specify 'Include Error Detail' in the connection string to include this information.&#xD;
         at Npgsql.Internal.NpgsqlConnector.ReadMessageLong(Boolean async, DataRowLoadingMode dataRowLoadingMode, Boolean readingNotifications, Boolean isReadingPrependedMessage)&#xD;
         at System.Runtime.CompilerServices.PoolingAsyncValueTaskMethodBuilder`1.StateMachineBox`1.System.Threading.Tasks.Sources.IValueTaskSource&lt;TResult&gt;.GetResult(Int16 token)&#xD;
         at Npgsql.NpgsqlDataReader.NextResult(Boolean async, Boolean isConsuming, CancellationToken cancellationToken)&#xD;
         at Npgsql.NpgsqlDataReader.NextResult(Boolean async, Boolean isConsuming, CancellationToken cancellationToken)&#xD;
         at Npgsql.NpgsqlCommand.ExecuteReader(Boolean async, CommandBehavior behavior, CancellationToken cancellationToken)&#xD;
         at Npgsql.NpgsqlCommand.ExecuteReader(Boolean async, CommandBehavior behavior, CancellationToken cancellationToken)&#xD;
         at Npgsql.NpgsqlCommand.ExecuteDbDataReaderAsync(CommandBehavior behavior, CancellationToken cancellationToken)&#xD;
         at Microsoft.EntityFrameworkCore.Storage.RelationalCommand.ExecuteReaderAsync(RelationalCommandParameterObject parameterObject, CancellationToken cancellationToken)&#xD;
         at Microsoft.EntityFrameworkCore.Storage.RelationalCommand.ExecuteReaderAsync(RelationalCommandParameterObject parameterObject, CancellationToken cancellationToken)&#xD;
         at Microsoft.EntityFrameworkCore.Update.ReaderModificationCommandBatch.ExecuteAsync(IRelationalConnection connection, CancellationToken cancellationToken)&#xD;
        Exception data:&#xD;
          Severity: ERROR&#xD;
          SqlState: 23514&#xD;
          MessageText: new row for relation "TblPromotion" violates check constraint "TblPromotion_DiscountType_check"&#xD;
          Detail: Detail redacted as it may contain sensitive data. Specify 'Include Error Detail' in the connection string to include this information.&#xD;
          SchemaName: public&#xD;
          TableName: TblPromotion&#xD;
          ConstraintName: TblPromotion_DiscountType_check&#xD;
          File: execMain.c&#xD;
          Line: 2119&#xD;
          Routine: ExecConstraints&#xD;
         --- End of inner exception stack trace ---&#xD;
         at Microsoft.EntityFrameworkCore.Update.ReaderModificationCommandBatch.ExecuteAsync(IRelationalConnection connection, CancellationToken cancellationToken)&#xD;
         at Microsoft.EntityFrameworkCore.Update.Internal.BatchExecutor.ExecuteAsync(IEnumerable`1 commandBatches, IRelationalConnection connection, CancellationToken cancellationToken)&#xD;
         at Microsoft.EntityFrameworkCore.Update.Internal.BatchExecutor.ExecuteAsync(IEnumerable`1 commandBatches, IRelationalConnection connection, CancellationToken cancellationToken)&#xD;
         at Microsoft.EntityFrameworkCore.Update.Internal.BatchExecutor.ExecuteAsync(IEnumerable`1 commandBatches, IRelationalConnection connection, CancellationToken cancellationToken)&#xD;
         at Microsoft.EntityFrameworkCore.ChangeTracking.Internal.StateManager.SaveChangesAsync(IList`1 entriesToSave, CancellationToken cancellationToken)&#xD;
         at Microsoft.EntityFrameworkCore.ChangeTracking.Internal.StateManager.SaveChangesAsync(StateManager stateManager, Boolean acceptAllChangesOnSuccess, CancellationToken cancellationToken)&#xD;
         at Npgsql.EntityFrameworkCore.PostgreSQL.Storage.Internal.NpgsqlExecutionStrategy.ExecuteAsync[TState,TResult](TState state, Func`4 operation, Func`4 verifySucceeded, CancellationToken cancellationToken)&#xD;
         at Microsoft.EntityFrameworkCore.DbContext.SaveChangesAsync(Boolean acceptAllChangesOnSuccess, CancellationToken cancellationToken)&#xD;
fail: VNVTStore.API.Middlewares.ExceptionHandlingMiddleware[0]&#xD;
      An unhandled exception occurred: An error occurred while saving the entity changes. See the inner exception for details.&#xD;
      Microsoft.EntityFrameworkCore.DbUpdateException: An error occurred while saving the entity changes. See the inner exception for details.&#xD;
       ---&gt; Npgsql.PostgresException (0x80004005): 23514: new row for relation "TblPromotion" violates check constraint "TblPromotion_DiscountType_check"&#xD;
      DETAIL: Detail redacted as it may contain sensitive data. Specify 'Include Error Detail' in the connection string to include this information.&#xD;
         at Npgsql.Internal.NpgsqlConnector.ReadMessageLong(Boolean async, DataRowLoadingMode dataRowLoadingMode, Boolean readingNotifications, Boolean isReadingPrependedMessage)&#xD;
         at System.Runtime.CompilerServices.PoolingAsyncValueTaskMethodBuilder`1.StateMachineBox`1.System.Threading.Tasks.Sources.IValueTaskSource&lt;TResult&gt;.GetResult(Int16 token)&#xD;
         at Npgsql.NpgsqlDataReader.NextResult(Boolean async, Boolean isConsuming, CancellationToken cancellationToken)&#xD;
         at Npgsql.NpgsqlDataReader.NextResult(Boolean async, Boolean isConsuming, CancellationToken cancellationToken)&#xD;
         at Npgsql.NpgsqlCommand.ExecuteReader(Boolean async, CommandBehavior behavior, CancellationToken cancellationToken)&#xD;
         at Npgsql.NpgsqlCommand.ExecuteReader(Boolean async, CommandBehavior behavior, CancellationToken cancellationToken)&#xD;
         at Npgsql.NpgsqlCommand.ExecuteDbDataReaderAsync(CommandBehavior behavior, CancellationToken cancellationToken)&#xD;
         at Microsoft.EntityFrameworkCore.Storage.RelationalCommand.ExecuteReaderAsync(RelationalCommandParameterObject parameterObject, CancellationToken cancellationToken)&#xD;
         at Microsoft.EntityFrameworkCore.Storage.RelationalCommand.ExecuteReaderAsync(RelationalCommandParameterObject parameterObject, CancellationToken cancellationToken)&#xD;
         at Microsoft.EntityFrameworkCore.Update.ReaderModificationCommandBatch.ExecuteAsync(IRelationalConnection connection, CancellationToken cancellationToken)&#xD;
        Exception data:&#xD;
          Severity: ERROR&#xD;
          SqlState: 23514&#xD;
          MessageText: new row for relation "TblPromotion" violates check constraint "TblPromotion_DiscountType_check"&#xD;
          Detail: Detail redacted as it may contain sensitive data. Specify 'Include Error Detail' in the connection string to include this information.&#xD;
          SchemaName: public&#xD;
          TableName: TblPromotion&#xD;
          ConstraintName: TblPromotion_DiscountType_check&#xD;
          File: execMain.c&#xD;
          Line: 2119&#xD;
          Routine: ExecConstraints&#xD;
         --- End of inner exception stack trace ---&#xD;
         at Microsoft.EntityFrameworkCore.Update.ReaderModificationCommandBatch.ExecuteAsync(IRelationalConnection connection, CancellationToken cancellationToken)&#xD;
         at Microsoft.EntityFrameworkCore.Update.Internal.BatchExecutor.ExecuteAsync(IEnumerable`1 commandBatches, IRelationalConnection connection, CancellationToken cancellationToken)&#xD;
         at Microsoft.EntityFrameworkCore.Update.Internal.BatchExecutor.ExecuteAsync(IEnumerable`1 commandBatches, IRelationalConnection connection, CancellationToken cancellationToken)&#xD;
         at Microsoft.EntityFrameworkCore.Update.Internal.BatchExecutor.ExecuteAsync(IEnumerable`1 commandBatches, IRelationalConnection connection, CancellationToken cancellationToken)&#xD;
         at Microsoft.EntityFrameworkCore.ChangeTracking.Internal.StateManager.SaveChangesAsync(IList`1 entriesToSave, CancellationToken cancellationToken)&#xD;
         at Microsoft.EntityFrameworkCore.ChangeTracking.Internal.StateManager.SaveChangesAsync(StateManager stateManager, Boolean acceptAllChangesOnSuccess, CancellationToken cancellationToken)&#xD;
         at Npgsql.EntityFrameworkCore.PostgreSQL.Storage.Internal.NpgsqlExecutionStrategy.ExecuteAsync[TState,TResult](TState state, Func`4 operation, Func`4 verifySucceeded, CancellationToken cancellationToken)&#xD;
         at Microsoft.EntityFrameworkCore.DbContext.SaveChangesAsync(Boolean acceptAllChangesOnSuccess, CancellationToken cancellationToken)&#xD;
         at Microsoft.EntityFrameworkCore.DbContext.SaveChangesAsync(Boolean acceptAllChangesOnSuccess, CancellationToken cancellationToken)&#xD;
         at VNVTStore.Infrastructure.Persistence.UnitOfWork.CommitAsync(CancellationToken cancellationToken) in D:\VNVTStoreApp\VNVTStore.Backend\src\VNVTStore.Infrastructure\Persistence\UnitOfWork.cs:line 22&#xD;
         at VNVTStore.Application.Common.BaseHandler`1.CreateAsync[TCreateDto,TResponse](TCreateDto dto, CancellationToken cancellationToken, Action`1 beforeSave) in D:\VNVTStoreApp\VNVTStore.Backend\src\VNVTStore.Application\Common\BaseHandler.cs:line 67&#xD;
         at VNVTStore.Application.Common.BaseHandler`1.CreateAsync[TCreateDto,TResponse](TCreateDto dto, CancellationToken cancellationToken, Action`1 beforeSave) in D:\VNVTStoreApp\VNVTStore.Backend\src\VNVTStore.Application\Common\BaseHandler.cs:line 75&#xD;
         at VNVTStore.API.Controllers.BaseApiController`4.Create(RequestDTO`1 request) in D:\VNVTStoreApp\VNVTStore.Backend\src\VNVTStore.API\Controllers\BaseApiController.cs:line 167&#xD;
         at Microsoft.AspNetCore.Mvc.Infrastructure.ActionMethodExecutor.TaskOfIActionResultExecutor.Execute(ActionContext actionContext, IActionResultTypeMapper mapper, ObjectMethodExecutor executor, Object controller, Object[] arguments)&#xD;
         at Microsoft.AspNetCore.Mvc.Infrastructure.ControllerActionInvoker.&lt;InvokeActionMethodAsync&gt;g__Awaited|12_0(ControllerActionInvoker invoker, ValueTask`1 actionResultValueTask)&#xD;
         at Microsoft.AspNetCore.Mvc.Infrastructure.ControllerActionInvoker.&lt;InvokeNextActionFilterAsync&gt;g__Awaited|10_0(ControllerActionInvoker invoker, Task lastTask, State next, Scope scope, Object state, Boolean isCompleted)&#xD;
         at Microsoft.AspNetCore.Mvc.Infrastructure.ControllerActionInvoker.Rethrow(ActionExecutedContextSealed context)&#xD;
         at Microsoft.AspNetCore.Mvc.Infrastructure.ControllerActionInvoker.Next(State&amp; next, Scope&amp; scope, Object&amp; state, Boolean&amp; isCompleted)&#xD;
         at Microsoft.AspNetCore.Mvc.Infrastructure.ControllerActionInvoker.&lt;InvokeInnerFilterAsync&gt;g__Awaited|13_0(ControllerActionInvoker invoker, Task lastTask, State next, Scope scope, Object state, Boolean isCompleted)&#xD;
         at Microsoft.AspNetCore.Mvc.Infrastructure.ResourceInvoker.&lt;InvokeFilterPipelineAsync&gt;g__Awaited|20_0(ResourceInvoker invoker, Task lastTask, State next, Scope scope, Object state, Boolean isCompleted)&#xD;
         at Microsoft.AspNetCore.Mvc.Infrastructure.ResourceInvoker.&lt;InvokeAsync&gt;g__Awaited|17_0(ResourceInvoker invoker, Task task, IDisposable scope)&#xD;
         at Microsoft.AspNetCore.Mvc.Infrastructure.ResourceInvoker.&lt;InvokeAsync&gt;g__Awaited|17_0(ResourceInvoker invoker, Task task, IDisposable scope)&#xD;
         at Microsoft.AspNetCore.Authorization.AuthorizationMiddleware.Invoke(HttpContext context)&#xD;
         at Microsoft.AspNetCore.Authentication.AuthenticationMiddleware.Invoke(HttpContext context)&#xD;
         at VNVTStore.API.Middlewares.ExceptionHandlingMiddleware.InvokeAsync(HttpContext context) in D:\VNVTStoreApp\VNVTStore.Backend\src\VNVTStore.API\Middlewares\ExceptionHandlingMiddleware.cs:line 28&#xD;
[xUnit.net 00:00:09.53]       System.Exception : Test failed with status InternalServerError. Content: {"Success":false,"Message":"An error occurred while saving the entity changes. See the inner exception for details. | Inner: 23514: new row for relation \u0022TblPromotion\u0022 violates check constraint \u0022TblPromotion_DiscountType_check\u0022\r\n\r\nDETAIL: Detail redacted as it may contain sensitive data. Specify \u0027Include Error Detail\u0027 in the connection string to include this information.","Data":null,"StatusCode":500}&#xD;
[xUnit.net 00:00:09.53]       Stack Trace:&#xD;
[xUnit.net 00:00:09.53]         D:\VNVTStoreApp\VNVTStore.Backend\tests\VNVTStore.IntegrationTests\PromotionDebugTests.cs(41,0): at VNVTStore.IntegrationTests.PromotionDebugTests.CreatePromotion_Debug()&#xD;
[xUnit.net 00:00:09.53]         --- End of stack trace from previous location ---&#xD;
[xUnit.net 00:00:09.55]   Finished:    VNVTStore.IntegrationTests&#xD;
</StdOut>
    </Output>
    <RunInfos>
      <RunInfo computerName="TIENVO" outcome="Error" timestamp="2026-01-28T08:51:41.5598994+07:00">
        <Text>[xUnit.net 00:00:09.53]     VNVTStore.IntegrationTests.PromotionDebugTests.CreatePromotion_Debug [FAIL]</Text>
      </RunInfo>
    </RunInfos>
  </ResultSummary>
</TestRun>