<?xml version="1.0" encoding="utf-8"?>
<TestRun id="b9ca42d2-c9ef-4547-b8f4-65124ecdba71" name="ADMIN@TIENVO 2026-02-02 14:21:06" runUser="TIENVO\ADMIN" xmlns="http://microsoft.com/schemas/VisualStudio/TeamTest/2010">
  <Times creation="2026-02-02T14:21:06.7052071+07:00" queuing="2026-02-02T14:21:06.7052075+07:00" start="2026-02-02T14:21:03.7897729+07:00" finish="2026-02-02T14:21:14.9901500+07:00" />
  <TestSettings name="default" id="f415d027-e39f-443d-98a8-5d2bc368f2b1">
    <Deployment runDeploymentRoot="ADMIN_TIENVO_2026-02-02_14_21_06" />
  </TestSettings>
  <Results>
    <UnitTestResult executionId="e89bcea4-39fc-489a-a5b7-04dcb28b964b" testId="2e09d3a7-c6f0-9e8b-178b-51bc34551fd8" testName="VNVTStore.Tests.Controllers.v1.UploadControllerTests.Upload_ReturnsOk_WhenServiceSucceeds" computerName="TIENVO" duration="00:00:00.0507953" startTime="2026-02-02T14:21:06.8083495+07:00" endTime="2026-02-02T14:21:06.8083501+07:00" testType="13cdc9d9-ddb5-4fa4-a97d-d965ccfc6d4b" outcome="Passed" testListId="8c84fa94-04c1-424b-9868-57a2d4851a1d" relativeResultsDirectory="e89bcea4-39fc-489a-a5b7-04dcb28b964b" />
    <UnitTestResult executionId="d20d97bb-0c8a-461a-85e2-fb4f5914a0ee" testId="dc1935bd-b942-ee2a-abbc-eaf20fc9ec63" testName="VNVTStore.Tests.Handlers.ProductHandlersTests.CreateProduct_WithAllFields_Success" computerName="TIENVO" duration="00:00:00.0010000" startTime="2026-02-02T14:21:13.8440001+07:00" endTime="2026-02-02T14:21:13.8440008+07:00" testType="13cdc9d9-ddb5-4fa4-a97d-d965ccfc6d4b" outcome="Failed" testListId="8c84fa94-04c1-424b-9868-57a2d4851a1d" relativeResultsDirectory="d20d97bb-0c8a-461a-85e2-fb4f5914a0ee">
      <Output>
        <ErrorInfo>
          <Message>System.InvalidOperationException : No backing field was found for property 'TblOrder.TblOrderItems'. Name the backing field so that it is discovered by convention, configure the backing field to use, or use a different 'PropertyAccessMode'.</Message>
          <StackTrace>   at Microsoft.EntityFrameworkCore.Infrastructure.ModelValidator.&lt;ValidateFieldMapping&gt;g__Validate|24_0(ITypeBase typeBase)&#xD;
   at Microsoft.EntityFrameworkCore.Infrastructure.ModelValidator.ValidateFieldMapping(IModel model, IDiagnosticsLogger`1 logger)&#xD;
   at Microsoft.EntityFrameworkCore.Infrastructure.ModelValidator.Validate(IModel model, IDiagnosticsLogger`1 logger)&#xD;
   at Microsoft.EntityFrameworkCore.Infrastructure.RelationalModelValidator.Validate(IModel model, IDiagnosticsLogger`1 logger)&#xD;
   at Microsoft.EntityFrameworkCore.Sqlite.Infrastructure.Internal.SqliteModelValidator.Validate(IModel model, IDiagnosticsLogger`1 logger)&#xD;
   at Microsoft.EntityFrameworkCore.Infrastructure.ModelRuntimeInitializer.Initialize(IModel model, Boolean designTime, IDiagnosticsLogger`1 validationLogger)&#xD;
   at Microsoft.EntityFrameworkCore.Infrastructure.ModelSource.GetModel(DbContext context, ModelCreationDependencies modelCreationDependencies, Boolean designTime)&#xD;
   at Microsoft.EntityFrameworkCore.Internal.DbContextServices.CreateModel(Boolean designTime)&#xD;
   at Microsoft.EntityFrameworkCore.Internal.DbContextServices.get_Model()&#xD;
   at Microsoft.EntityFrameworkCore.Infrastructure.EntityFrameworkServicesBuilder.&lt;&gt;c.&lt;TryAddCoreServices&gt;b__8_4(IServiceProvider p)&#xD;
   at Microsoft.Extensions.DependencyInjection.ServiceLookup.CallSiteRuntimeResolver.VisitFactory(FactoryCallSite factoryCallSite, RuntimeResolverContext context)&#xD;
   at Microsoft.Extensions.DependencyInjection.ServiceLookup.CallSiteVisitor`2.VisitCallSiteMain(ServiceCallSite callSite, TArgument argument)&#xD;
   at Microsoft.Extensions.DependencyInjection.ServiceLookup.CallSiteRuntimeResolver.VisitCache(ServiceCallSite callSite, RuntimeResolverContext context, ServiceProviderEngineScope serviceProviderEngine, RuntimeResolverLock lockType)&#xD;
   at Microsoft.Extensions.DependencyInjection.ServiceLookup.CallSiteRuntimeResolver.VisitScopeCache(ServiceCallSite callSite, RuntimeResolverContext context)&#xD;
   at Microsoft.Extensions.DependencyInjection.ServiceLookup.CallSiteVisitor`2.VisitCallSite(ServiceCallSite callSite, TArgument argument)&#xD;
   at Microsoft.Extensions.DependencyInjection.ServiceLookup.CallSiteRuntimeResolver.VisitConstructor(ConstructorCallSite constructorCallSite, RuntimeResolverContext context)&#xD;
   at Microsoft.Extensions.DependencyInjection.ServiceLookup.CallSiteVisitor`2.VisitCallSiteMain(ServiceCallSite callSite, TArgument argument)&#xD;
   at Microsoft.Extensions.DependencyInjection.ServiceLookup.CallSiteRuntimeResolver.VisitCache(ServiceCallSite callSite, RuntimeResolverContext context, ServiceProviderEngineScope serviceProviderEngine, RuntimeResolverLock lockType)&#xD;
   at Microsoft.Extensions.DependencyInjection.ServiceLookup.CallSiteRuntimeResolver.VisitScopeCache(ServiceCallSite callSite, RuntimeResolverContext context)&#xD;
   at Microsoft.Extensions.DependencyInjection.ServiceLookup.CallSiteVisitor`2.VisitCallSite(ServiceCallSite callSite, TArgument argument)&#xD;
   at Microsoft.Extensions.DependencyInjection.ServiceLookup.CallSiteRuntimeResolver.VisitConstructor(ConstructorCallSite constructorCallSite, RuntimeResolverContext context)&#xD;
   at Microsoft.Extensions.DependencyInjection.ServiceLookup.CallSiteVisitor`2.VisitCallSiteMain(ServiceCallSite callSite, TArgument argument)&#xD;
   at Microsoft.Extensions.DependencyInjection.ServiceLookup.CallSiteRuntimeResolver.VisitCache(ServiceCallSite callSite, RuntimeResolverContext context, ServiceProviderEngineScope serviceProviderEngine, RuntimeResolverLock lockType)&#xD;
   at Microsoft.Extensions.DependencyInjection.ServiceLookup.CallSiteRuntimeResolver.VisitScopeCache(ServiceCallSite callSite, RuntimeResolverContext context)&#xD;
   at Microsoft.Extensions.DependencyInjection.ServiceLookup.CallSiteVisitor`2.VisitCallSite(ServiceCallSite callSite, TArgument argument)&#xD;
   at Microsoft.Extensions.DependencyInjection.ServiceLookup.CallSiteRuntimeResolver.VisitConstructor(ConstructorCallSite constructorCallSite, RuntimeResolverContext context)&#xD;
   at Microsoft.Extensions.DependencyInjection.ServiceLookup.CallSiteVisitor`2.VisitCallSiteMain(ServiceCallSite callSite, TArgument argument)&#xD;
   at Microsoft.Extensions.DependencyInjection.ServiceLookup.CallSiteRuntimeResolver.VisitCache(ServiceCallSite callSite, RuntimeResolverContext context, ServiceProviderEngineScope serviceProviderEngine, RuntimeResolverLock lockType)&#xD;
   at Microsoft.Extensions.DependencyInjection.ServiceLookup.CallSiteRuntimeResolver.VisitScopeCache(ServiceCallSite callSite, RuntimeResolverContext context)&#xD;
   at Microsoft.Extensions.DependencyInjection.ServiceLookup.CallSiteVisitor`2.VisitCallSite(ServiceCallSite callSite, TArgument argument)&#xD;
   at Microsoft.Extensions.DependencyInjection.ServiceLookup.CallSiteRuntimeResolver.VisitConstructor(ConstructorCallSite constructorCallSite, RuntimeResolverContext context)&#xD;
   at Microsoft.Extensions.DependencyInjection.ServiceLookup.CallSiteVisitor`2.VisitCallSiteMain(ServiceCallSite callSite, TArgument argument)&#xD;
   at Microsoft.Extensions.DependencyInjection.ServiceLookup.CallSiteRuntimeResolver.VisitCache(ServiceCallSite callSite, RuntimeResolverContext context, ServiceProviderEngineScope serviceProviderEngine, RuntimeResolverLock lockType)&#xD;
   at Microsoft.Extensions.DependencyInjection.ServiceLookup.CallSiteRuntimeResolver.VisitScopeCache(ServiceCallSite callSite, RuntimeResolverContext context)&#xD;
   at Microsoft.Extensions.DependencyInjection.ServiceLookup.CallSiteVisitor`2.VisitCallSite(ServiceCallSite callSite, TArgument argument)&#xD;
   at Microsoft.Extensions.DependencyInjection.ServiceLookup.CallSiteRuntimeResolver.VisitConstructor(ConstructorCallSite constructorCallSite, RuntimeResolverContext context)&#xD;
   at Microsoft.Extensions.DependencyInjection.ServiceLookup.CallSiteVisitor`2.VisitCallSiteMain(ServiceCallSite callSite, TArgument argument)&#xD;
   at Microsoft.Extensions.DependencyInjection.ServiceLookup.CallSiteRuntimeResolver.VisitCache(ServiceCallSite callSite, RuntimeResolverContext context, ServiceProviderEngineScope serviceProviderEngine, RuntimeResolverLock lockType)&#xD;
   at Microsoft.Extensions.DependencyInjection.ServiceLookup.CallSiteRuntimeResolver.VisitScopeCache(ServiceCallSite callSite, RuntimeResolverContext context)&#xD;
   at Microsoft.Extensions.DependencyInjection.ServiceLookup.CallSiteVisitor`2.VisitCallSite(ServiceCallSite callSite, TArgument argument)&#xD;
   at Microsoft.Extensions.DependencyInjection.ServiceLookup.CallSiteRuntimeResolver.Resolve(ServiceCallSite callSite, ServiceProviderEngineScope scope)&#xD;
   at Microsoft.Extensions.DependencyInjection.ServiceLookup.DynamicServiceProviderEngine.&lt;&gt;c__DisplayClass2_0.&lt;RealizeService&gt;b__0(ServiceProviderEngineScope scope)&#xD;
   at Microsoft.Extensions.DependencyInjection.ServiceProvider.GetService(ServiceIdentifier serviceIdentifier, ServiceProviderEngineScope serviceProviderEngineScope)&#xD;
   at Microsoft.Extensions.DependencyInjection.ServiceLookup.ServiceProviderEngineScope.GetService(Type serviceType)&#xD;
   at Microsoft.Extensions.DependencyInjection.ServiceProviderServiceExtensions.GetRequiredService(IServiceProvider provider, Type serviceType)&#xD;
   at Microsoft.Extensions.DependencyInjection.ServiceProviderServiceExtensions.GetRequiredService[T](IServiceProvider provider)&#xD;
   at Microsoft.EntityFrameworkCore.DbContext.get_DbContextDependencies()&#xD;
   at Microsoft.EntityFrameworkCore.DbContext.get_ContextServices()&#xD;
   at Microsoft.EntityFrameworkCore.DbContext.get_InternalServiceProvider()&#xD;
   at Microsoft.EntityFrameworkCore.DbContext.Microsoft.EntityFrameworkCore.Infrastructure.IInfrastructure&lt;System.IServiceProvider&gt;.get_Instance()&#xD;
   at Microsoft.EntityFrameworkCore.Infrastructure.Internal.InfrastructureExtensions.GetService(IInfrastructure`1 accessor, Type serviceType)&#xD;
   at Microsoft.EntityFrameworkCore.Infrastructure.Internal.InfrastructureExtensions.GetService[TService](IInfrastructure`1 accessor)&#xD;
   at Microsoft.EntityFrameworkCore.Infrastructure.AccessorExtensions.GetService[TService](IInfrastructure`1 accessor)&#xD;
   at Microsoft.EntityFrameworkCore.Infrastructure.DatabaseFacade.get_Dependencies()&#xD;
   at Microsoft.EntityFrameworkCore.Infrastructure.DatabaseFacade.EnsureCreated()&#xD;
   at VNVTStore.Tests.Common.TestDbContextFactory.Create() in D:\VNVTStoreApp\VNVTStore.Backend\src\VNVTStore.Tests\Common\TestDbContextFactory.cs:line 19&#xD;
   at VNVTStore.Tests.Handlers.ProductHandlersTests..ctor() in D:\VNVTStoreApp\VNVTStore.Backend\src\VNVTStore.Tests\Handlers\ProductHandlersTests.cs:line 41&#xD;
   at System.RuntimeType.CreateInstanceDefaultCtor(Boolean publicOnly, Boolean wrapExceptions)</StackTrace>
        </ErrorInfo>
      </Output>
    </UnitTestResult>
    <UnitTestResult executionId="b7cf90c3-2ca8-4b39-8942-e151c4fca94c" testId="2d660bf3-e58d-f216-cf3e-6aa68a4fe1b6" testName="VNVTStore.Tests.Handlers.UserHandlersTests.UpdateProfile_ShouldReturnSuccess_WhenDataIsValid" computerName="TIENVO" duration="00:00:00.0242554" startTime="2026-02-02T14:21:07.0031032+07:00" endTime="2026-02-02T14:21:07.0031041+07:00" testType="13cdc9d9-ddb5-4fa4-a97d-d965ccfc6d4b" outcome="Passed" testListId="8c84fa94-04c1-424b-9868-57a2d4851a1d" relativeResultsDirectory="b7cf90c3-2ca8-4b39-8942-e151c4fca94c" />
    <UnitTestResult executionId="1e9ca6a1-5606-4687-aacb-710a60ec8cca" testId="bd75c54d-e86a-27d1-1a03-0cc0cdd5e932" testName="VNVTStore.Tests.Integration.AuthApiTests.ForgotPassword_ShouldGenerateTokenAndReturnSuccess" computerName="TIENVO" duration="00:00:00.0010000" startTime="2026-02-02T14:21:11.5891940+07:00" endTime="2026-02-02T14:21:11.5891946+07:00" testType="13cdc9d9-ddb5-4fa4-a97d-d965ccfc6d4b" outcome="Failed" testListId="8c84fa94-04c1-424b-9868-57a2d4851a1d" relativeResultsDirectory="1e9ca6a1-5606-4687-aacb-710a60ec8cca">
      <Output>
        <ErrorInfo>
          <Message>System.InvalidOperationException : The server has not been started or no web application was configured.</Message>
          <StackTrace>   at Microsoft.AspNetCore.TestHost.TestServer.get_Application()&#xD;
   at Microsoft.AspNetCore.TestHost.TestServer.CreateHandler()&#xD;
   at Microsoft.AspNetCore.Mvc.Testing.WebApplicationFactory`1.CreateDefaultClient(DelegatingHandler[] handlers)&#xD;
   at Microsoft.AspNetCore.Mvc.Testing.WebApplicationFactory`1.CreateDefaultClient(Uri baseAddress, DelegatingHandler[] handlers)&#xD;
   at Microsoft.AspNetCore.Mvc.Testing.WebApplicationFactory`1.CreateClient(WebApplicationFactoryClientOptions options)&#xD;
   at Microsoft.AspNetCore.Mvc.Testing.WebApplicationFactory`1.CreateClient()&#xD;
   at VNVTStore.Tests.Integration.ApiTestBase..ctor(WebApplicationFactory`1 factory) in D:\VNVTStoreApp\VNVTStore.Backend\src\VNVTStore.Tests\Integration\ApiTestBase.cs:line 16&#xD;
   at VNVTStore.Tests.Integration.AuthApiTests..ctor(WebApplicationFactory`1 factory) in D:\VNVTStoreApp\VNVTStore.Backend\src\VNVTStore.Tests\Integration\AuthApiTests.cs:line 17&#xD;
   at InvokeStub_AuthApiTests..ctor(Object, Span`1)&#xD;
   at System.Reflection.MethodBaseInvoker.InvokeWithOneArg(Object obj, BindingFlags invokeAttr, Binder binder, Object[] parameters, CultureInfo culture)</StackTrace>
        </ErrorInfo>
      </Output>
    </UnitTestResult>
    <UnitTestResult executionId="399239d2-d3f4-4394-91da-ead3f0de7f6a" testId="e6e5ac03-e4d9-9616-a253-c59d3c3cbaa3" testName="VNVTStore.Tests.Domain.BinLocationTests.ImplicitConversion_ToString_Works" computerName="TIENVO" duration="00:00:00.0003466" startTime="2026-02-02T14:21:06.5997155+07:00" endTime="2026-02-02T14:21:06.5997159+07:00" testType="13cdc9d9-ddb5-4fa4-a97d-d965ccfc6d4b" outcome="Passed" testListId="8c84fa94-04c1-424b-9868-57a2d4851a1d" relativeResultsDirectory="399239d2-d3f4-4394-91da-ead3f0de7f6a" />
    <UnitTestResult executionId="6bd64a62-1203-4305-a343-ed8f162e45e4" testId="fb91b065-e6a6-1d61-0c72-d823154c3bbf" testName="VNVTStore.Tests.Handlers.UserHandlersTests.ChangePassword_ShouldReturnFailure_WhenCurrentPasswordIncorrect" computerName="TIENVO" duration="00:00:00.2483453" startTime="2026-02-02T14:21:06.7878237+07:00" endTime="2026-02-02T14:21:06.7878243+07:00" testType="13cdc9d9-ddb5-4fa4-a97d-d965ccfc6d4b" outcome="Passed" testListId="8c84fa94-04c1-424b-9868-57a2d4851a1d" relativeResultsDirectory="6bd64a62-1203-4305-a343-ed8f162e45e4" />
    <UnitTestResult executionId="a44c4f71-b444-4fca-bce4-3cda3769859b" testId="6b7653ea-eeef-40d8-327a-8987d31b28a6" testName="VNVTStore.Tests.Domain.BinLocationTests.Equality_Check_ShouldWork" computerName="TIENVO" duration="00:00:00.0038852" startTime="2026-02-02T14:21:06.6026264+07:00" endTime="2026-02-02T14:21:06.6026264+07:00" testType="13cdc9d9-ddb5-4fa4-a97d-d965ccfc6d4b" outcome="Passed" testListId="8c84fa94-04c1-424b-9868-57a2d4851a1d" relativeResultsDirectory="a44c4f71-b444-4fca-bce4-3cda3769859b" />
    <UnitTestResult executionId="b4a5b825-575d-4912-84b8-51de7c53df7d" testId="91c04107-27d3-17d5-3088-23a15939f439" testName="VNVTStore.Tests.Domain.TblOrderTests.Create_ShouldInitializeWithPendingStatus" computerName="TIENVO" duration="00:00:00.0056545" startTime="2026-02-02T14:21:06.6030513+07:00" endTime="2026-02-02T14:21:06.6030514+07:00" testType="13cdc9d9-ddb5-4fa4-a97d-d965ccfc6d4b" outcome="Passed" testListId="8c84fa94-04c1-424b-9868-57a2d4851a1d" relativeResultsDirectory="b4a5b825-575d-4912-84b8-51de7c53df7d" />
    <UnitTestResult executionId="4adc92cf-bef8-4081-8cb7-583d06fccbf8" testId="07d7f729-367a-e62c-3a91-0e1e12b50ed7" testName="VNVTStore.Tests.Controllers.v1.UploadControllerTests.Upload_ReturnsBadRequest_WhenFileIsNull" computerName="TIENVO" duration="00:00:00.1993511" startTime="2026-02-02T14:21:06.7584421+07:00" endTime="2026-02-02T14:21:06.7584431+07:00" testType="13cdc9d9-ddb5-4fa4-a97d-d965ccfc6d4b" outcome="Passed" testListId="8c84fa94-04c1-424b-9868-57a2d4851a1d" relativeResultsDirectory="4adc92cf-bef8-4081-8cb7-583d06fccbf8" />
    <UnitTestResult executionId="bf825ace-7ccc-46fc-8e12-7eb78364f70f" testId="ac093994-4900-70f5-2c33-0e3c70f11b8b" testName="VNVTStore.Tests.Integration.OrderApiTests.GetOrders_ReturnsSuccessOrUnauthorized" computerName="TIENVO" duration="00:00:00.0010000" startTime="2026-02-02T14:21:13.7126429+07:00" endTime="2026-02-02T14:21:13.7126435+07:00" testType="13cdc9d9-ddb5-4fa4-a97d-d965ccfc6d4b" outcome="Failed" testListId="8c84fa94-04c1-424b-9868-57a2d4851a1d" relativeResultsDirectory="bf825ace-7ccc-46fc-8e12-7eb78364f70f">
      <Output>
        <ErrorInfo>
          <Message>System.InvalidOperationException : The server has not been started or no web application was configured.</Message>
          <StackTrace>   at Microsoft.AspNetCore.TestHost.TestServer.get_Application()&#xD;
   at Microsoft.AspNetCore.TestHost.TestServer.CreateHandler()&#xD;
   at Microsoft.AspNetCore.Mvc.Testing.WebApplicationFactory`1.CreateDefaultClient(DelegatingHandler[] handlers)&#xD;
   at Microsoft.AspNetCore.Mvc.Testing.WebApplicationFactory`1.CreateDefaultClient(Uri baseAddress, DelegatingHandler[] handlers)&#xD;
   at Microsoft.AspNetCore.Mvc.Testing.WebApplicationFactory`1.CreateClient(WebApplicationFactoryClientOptions options)&#xD;
   at Microsoft.AspNetCore.Mvc.Testing.WebApplicationFactory`1.CreateClient()&#xD;
   at VNVTStore.Tests.Integration.ApiTestBase..ctor(WebApplicationFactory`1 factory) in D:\VNVTStoreApp\VNVTStore.Backend\src\VNVTStore.Tests\Integration\ApiTestBase.cs:line 16&#xD;
   at VNVTStore.Tests.Integration.OrderApiTests..ctor(WebApplicationFactory`1 factory) in D:\VNVTStoreApp\VNVTStore.Backend\src\VNVTStore.Tests\Integration\OrderApiTests.cs:line 11&#xD;
   at System.RuntimeMethodHandle.InvokeMethod(Object target, Void** arguments, Signature sig, Boolean isConstructor)&#xD;
   at System.Reflection.MethodBaseInvoker.InvokeDirectByRefWithFewArgs(Object obj, Span`1 copyOfArgs, BindingFlags invokeAttr)</StackTrace>
        </ErrorInfo>
      </Output>
    </UnitTestResult>
    <UnitTestResult executionId="1ca51960-9e87-4175-a87d-8986d6f6681e" testId="0abcd724-1a64-ee71-081b-4b48bee131ad" testName="VNVTStore.Tests.Integration.ProductApiTests.CreateProduct_WithValidData_ShouldReturnSuccess" computerName="TIENVO" duration="00:00:00.0010000" startTime="2026-02-02T14:21:14.6980932+07:00" endTime="2026-02-02T14:21:14.6980943+07:00" testType="13cdc9d9-ddb5-4fa4-a97d-d965ccfc6d4b" outcome="Failed" testListId="8c84fa94-04c1-424b-9868-57a2d4851a1d" relativeResultsDirectory="1ca51960-9e87-4175-a87d-8986d6f6681e">
      <Output>
        <ErrorInfo>
          <Message>System.InvalidOperationException : The server has not been started or no web application was configured.</Message>
          <StackTrace>   at Microsoft.AspNetCore.TestHost.TestServer.get_Application()&#xD;
   at Microsoft.AspNetCore.TestHost.TestServer.CreateHandler()&#xD;
   at Microsoft.AspNetCore.Mvc.Testing.WebApplicationFactory`1.CreateDefaultClient(DelegatingHandler[] handlers)&#xD;
   at Microsoft.AspNetCore.Mvc.Testing.WebApplicationFactory`1.CreateDefaultClient(Uri baseAddress, DelegatingHandler[] handlers)&#xD;
   at Microsoft.AspNetCore.Mvc.Testing.WebApplicationFactory`1.CreateClient(WebApplicationFactoryClientOptions options)&#xD;
   at Microsoft.AspNetCore.Mvc.Testing.WebApplicationFactory`1.CreateClient()&#xD;
   at VNVTStore.Tests.Integration.ApiTestBase..ctor(WebApplicationFactory`1 factory) in D:\VNVTStoreApp\VNVTStore.Backend\src\VNVTStore.Tests\Integration\ApiTestBase.cs:line 16&#xD;
   at VNVTStore.Tests.Integration.ProductApiTests..ctor(WebApplicationFactory`1 factory) in D:\VNVTStoreApp\VNVTStore.Backend\src\VNVTStore.Tests\Integration\ProductApiTests.cs:line 21&#xD;
   at System.RuntimeMethodHandle.InvokeMethod(Object target, Void** arguments, Signature sig, Boolean isConstructor)&#xD;
   at System.Reflection.MethodBaseInvoker.InvokeDirectByRefWithFewArgs(Object obj, Span`1 copyOfArgs, BindingFlags invokeAttr)</StackTrace>
        </ErrorInfo>
      </Output>
    </UnitTestResult>
    <UnitTestResult executionId="be544784-b423-41a8-98fa-0c93416505e7" testId="d51f415b-f50c-a07f-e278-59934c5fd6f3" testName="VNVTStore.Tests.Integration.AuthApiTests.VerifyEmail_WithValidToken_ShouldActivateUser" computerName="TIENVO" duration="00:00:00.0010000" startTime="2026-02-02T14:21:11.5854147+07:00" endTime="2026-02-02T14:21:11.5854153+07:00" testType="13cdc9d9-ddb5-4fa4-a97d-d965ccfc6d4b" outcome="Failed" testListId="8c84fa94-04c1-424b-9868-57a2d4851a1d" relativeResultsDirectory="be544784-b423-41a8-98fa-0c93416505e7">
      <Output>
        <ErrorInfo>
          <Message>System.InvalidOperationException : The server has not been started or no web application was configured.</Message>
          <StackTrace>   at Microsoft.AspNetCore.TestHost.TestServer.get_Application()&#xD;
   at Microsoft.AspNetCore.TestHost.TestServer.CreateHandler()&#xD;
   at Microsoft.AspNetCore.Mvc.Testing.WebApplicationFactory`1.CreateDefaultClient(DelegatingHandler[] handlers)&#xD;
   at Microsoft.AspNetCore.Mvc.Testing.WebApplicationFactory`1.CreateDefaultClient(Uri baseAddress, DelegatingHandler[] handlers)&#xD;
   at Microsoft.AspNetCore.Mvc.Testing.WebApplicationFactory`1.CreateClient(WebApplicationFactoryClientOptions options)&#xD;
   at Microsoft.AspNetCore.Mvc.Testing.WebApplicationFactory`1.CreateClient()&#xD;
   at VNVTStore.Tests.Integration.ApiTestBase..ctor(WebApplicationFactory`1 factory) in D:\VNVTStoreApp\VNVTStore.Backend\src\VNVTStore.Tests\Integration\ApiTestBase.cs:line 16&#xD;
   at VNVTStore.Tests.Integration.AuthApiTests..ctor(WebApplicationFactory`1 factory) in D:\VNVTStoreApp\VNVTStore.Backend\src\VNVTStore.Tests\Integration\AuthApiTests.cs:line 17&#xD;
   at InvokeStub_AuthApiTests..ctor(Object, Span`1)&#xD;
   at System.Reflection.MethodBaseInvoker.InvokeWithOneArg(Object obj, BindingFlags invokeAttr, Binder binder, Object[] parameters, CultureInfo culture)</StackTrace>
        </ErrorInfo>
      </Output>
    </UnitTestResult>
    <UnitTestResult executionId="e8e9711c-25b7-46a2-9437-f37924dd62d3" testId="88853584-3206-801a-1476-5ebc5e396eaf" testName="VNVTStore.Tests.Integration.CategoryApiTests.Create_InvalidAccess_ShouldNotBeSuccessful" computerName="TIENVO" duration="00:00:00.0010000" startTime="2026-02-02T14:21:11.5810157+07:00" endTime="2026-02-02T14:21:11.5810165+07:00" testType="13cdc9d9-ddb5-4fa4-a97d-d965ccfc6d4b" outcome="Failed" testListId="8c84fa94-04c1-424b-9868-57a2d4851a1d" relativeResultsDirectory="e8e9711c-25b7-46a2-9437-f37924dd62d3">
      <Output>
        <ErrorInfo>
          <Message>System.InvalidOperationException : The server has not been started or no web application was configured.</Message>
          <StackTrace>   at Microsoft.AspNetCore.TestHost.TestServer.get_Application()&#xD;
   at Microsoft.AspNetCore.TestHost.TestServer.CreateHandler()&#xD;
   at Microsoft.AspNetCore.Mvc.Testing.WebApplicationFactory`1.CreateDefaultClient(DelegatingHandler[] handlers)&#xD;
   at Microsoft.AspNetCore.Mvc.Testing.WebApplicationFactory`1.CreateDefaultClient(Uri baseAddress, DelegatingHandler[] handlers)&#xD;
   at Microsoft.AspNetCore.Mvc.Testing.WebApplicationFactory`1.CreateClient(WebApplicationFactoryClientOptions options)&#xD;
   at Microsoft.AspNetCore.Mvc.Testing.WebApplicationFactory`1.CreateClient()&#xD;
   at VNVTStore.Tests.Integration.ApiTestBase..ctor(WebApplicationFactory`1 factory) in D:\VNVTStoreApp\VNVTStore.Backend\src\VNVTStore.Tests\Integration\ApiTestBase.cs:line 16&#xD;
   at VNVTStore.Tests.Integration.CategoryApiTests..ctor(WebApplicationFactory`1 factory) in D:\VNVTStoreApp\VNVTStore.Backend\src\VNVTStore.Tests\Integration\CategoryApiTests.cs:line 13&#xD;
   at System.RuntimeMethodHandle.InvokeMethod(Object target, Void** arguments, Signature sig, Boolean isConstructor)&#xD;
   at System.Reflection.MethodBaseInvoker.InvokeDirectByRefWithFewArgs(Object obj, Span`1 copyOfArgs, BindingFlags invokeAttr)</StackTrace>
        </ErrorInfo>
      </Output>
    </UnitTestResult>
    <UnitTestResult executionId="4bc6040e-8d13-4359-970c-5ddb27a7b517" testId="f0d28717-a558-5dc3-e4ac-1c47c5a8ca7a" testName="VNVTStore.Tests.Handlers.UpdateProductHandlerTests.Handle_UpdateProductWithImages_ShouldCallSyncProductImages" computerName="TIENVO" duration="00:00:00.0010000" startTime="2026-02-02T14:21:09.3460928+07:00" endTime="2026-02-02T14:21:09.3461100+07:00" testType="13cdc9d9-ddb5-4fa4-a97d-d965ccfc6d4b" outcome="Failed" testListId="8c84fa94-04c1-424b-9868-57a2d4851a1d" relativeResultsDirectory="4bc6040e-8d13-4359-970c-5ddb27a7b517">
      <Output>
        <ErrorInfo>
          <Message>System.InvalidOperationException : No backing field was found for property 'TblOrder.TblOrderItems'. Name the backing field so that it is discovered by convention, configure the backing field to use, or use a different 'PropertyAccessMode'.</Message>
          <StackTrace>   at Microsoft.EntityFrameworkCore.Infrastructure.ModelValidator.&lt;ValidateFieldMapping&gt;g__Validate|24_0(ITypeBase typeBase)&#xD;
   at Microsoft.EntityFrameworkCore.Infrastructure.ModelValidator.ValidateFieldMapping(IModel model, IDiagnosticsLogger`1 logger)&#xD;
   at Microsoft.EntityFrameworkCore.Infrastructure.ModelValidator.Validate(IModel model, IDiagnosticsLogger`1 logger)&#xD;
   at Microsoft.EntityFrameworkCore.Infrastructure.RelationalModelValidator.Validate(IModel model, IDiagnosticsLogger`1 logger)&#xD;
   at Microsoft.EntityFrameworkCore.Sqlite.Infrastructure.Internal.SqliteModelValidator.Validate(IModel model, IDiagnosticsLogger`1 logger)&#xD;
   at Microsoft.EntityFrameworkCore.Infrastructure.ModelRuntimeInitializer.Initialize(IModel model, Boolean designTime, IDiagnosticsLogger`1 validationLogger)&#xD;
   at Microsoft.EntityFrameworkCore.Infrastructure.ModelSource.GetModel(DbContext context, ModelCreationDependencies modelCreationDependencies, Boolean designTime)&#xD;
   at Microsoft.EntityFrameworkCore.Internal.DbContextServices.CreateModel(Boolean designTime)&#xD;
   at Microsoft.EntityFrameworkCore.Internal.DbContextServices.get_Model()&#xD;
   at Microsoft.EntityFrameworkCore.Infrastructure.EntityFrameworkServicesBuilder.&lt;&gt;c.&lt;TryAddCoreServices&gt;b__8_4(IServiceProvider p)&#xD;
   at Microsoft.Extensions.DependencyInjection.ServiceLookup.CallSiteRuntimeResolver.VisitFactory(FactoryCallSite factoryCallSite, RuntimeResolverContext context)&#xD;
   at Microsoft.Extensions.DependencyInjection.ServiceLookup.CallSiteVisitor`2.VisitCallSiteMain(ServiceCallSite callSite, TArgument argument)&#xD;
   at Microsoft.Extensions.DependencyInjection.ServiceLookup.CallSiteRuntimeResolver.VisitCache(ServiceCallSite callSite, RuntimeResolverContext context, ServiceProviderEngineScope serviceProviderEngine, RuntimeResolverLock lockType)&#xD;
   at Microsoft.Extensions.DependencyInjection.ServiceLookup.CallSiteRuntimeResolver.VisitScopeCache(ServiceCallSite callSite, RuntimeResolverContext context)&#xD;
   at Microsoft.Extensions.DependencyInjection.ServiceLookup.CallSiteVisitor`2.VisitCallSite(ServiceCallSite callSite, TArgument argument)&#xD;
   at Microsoft.Extensions.DependencyInjection.ServiceLookup.CallSiteRuntimeResolver.VisitConstructor(ConstructorCallSite constructorCallSite, RuntimeResolverContext context)&#xD;
   at Microsoft.Extensions.DependencyInjection.ServiceLookup.CallSiteVisitor`2.VisitCallSiteMain(ServiceCallSite callSite, TArgument argument)&#xD;
   at Microsoft.Extensions.DependencyInjection.ServiceLookup.CallSiteRuntimeResolver.VisitCache(ServiceCallSite callSite, RuntimeResolverContext context, ServiceProviderEngineScope serviceProviderEngine, RuntimeResolverLock lockType)&#xD;
   at Microsoft.Extensions.DependencyInjection.ServiceLookup.CallSiteRuntimeResolver.VisitScopeCache(ServiceCallSite callSite, RuntimeResolverContext context)&#xD;
   at Microsoft.Extensions.DependencyInjection.ServiceLookup.CallSiteVisitor`2.VisitCallSite(ServiceCallSite callSite, TArgument argument)&#xD;
   at Microsoft.Extensions.DependencyInjection.ServiceLookup.CallSiteRuntimeResolver.VisitConstructor(ConstructorCallSite constructorCallSite, RuntimeResolverContext context)&#xD;
   at Microsoft.Extensions.DependencyInjection.ServiceLookup.CallSiteVisitor`2.VisitCallSiteMain(ServiceCallSite callSite, TArgument argument)&#xD;
   at Microsoft.Extensions.DependencyInjection.ServiceLookup.CallSiteRuntimeResolver.VisitCache(ServiceCallSite callSite, RuntimeResolverContext context, ServiceProviderEngineScope serviceProviderEngine, RuntimeResolverLock lockType)&#xD;
   at Microsoft.Extensions.DependencyInjection.ServiceLookup.CallSiteRuntimeResolver.VisitScopeCache(ServiceCallSite callSite, RuntimeResolverContext context)&#xD;
   at Microsoft.Extensions.DependencyInjection.ServiceLookup.CallSiteVisitor`2.VisitCallSite(ServiceCallSite callSite, TArgument argument)&#xD;
   at Microsoft.Extensions.DependencyInjection.ServiceLookup.CallSiteRuntimeResolver.VisitConstructor(ConstructorCallSite constructorCallSite, RuntimeResolverContext context)&#xD;
   at Microsoft.Extensions.DependencyInjection.ServiceLookup.CallSiteVisitor`2.VisitCallSiteMain(ServiceCallSite callSite, TArgument argument)&#xD;
   at Microsoft.Extensions.DependencyInjection.ServiceLookup.CallSiteRuntimeResolver.VisitCache(ServiceCallSite callSite, RuntimeResolverContext context, ServiceProviderEngineScope serviceProviderEngine, RuntimeResolverLock lockType)&#xD;
   at Microsoft.Extensions.DependencyInjection.ServiceLookup.CallSiteRuntimeResolver.VisitScopeCache(ServiceCallSite callSite, RuntimeResolverContext context)&#xD;
   at Microsoft.Extensions.DependencyInjection.ServiceLookup.CallSiteVisitor`2.VisitCallSite(ServiceCallSite callSite, TArgument argument)&#xD;
   at Microsoft.Extensions.DependencyInjection.ServiceLookup.CallSiteRuntimeResolver.VisitConstructor(ConstructorCallSite constructorCallSite, RuntimeResolverContext context)&#xD;
   at Microsoft.Extensions.DependencyInjection.ServiceLookup.CallSiteVisitor`2.VisitCallSiteMain(ServiceCallSite callSite, TArgument argument)&#xD;
   at Microsoft.Extensions.DependencyInjection.ServiceLookup.CallSiteRuntimeResolver.VisitCache(ServiceCallSite callSite, RuntimeResolverContext context, ServiceProviderEngineScope serviceProviderEngine, RuntimeResolverLock lockType)&#xD;
   at Microsoft.Extensions.DependencyInjection.ServiceLookup.CallSiteRuntimeResolver.VisitScopeCache(ServiceCallSite callSite, RuntimeResolverContext context)&#xD;
   at Microsoft.Extensions.DependencyInjection.ServiceLookup.CallSiteVisitor`2.VisitCallSite(ServiceCallSite callSite, TArgument argument)&#xD;
   at Microsoft.Extensions.DependencyInjection.ServiceLookup.CallSiteRuntimeResolver.VisitConstructor(ConstructorCallSite constructorCallSite, RuntimeResolverContext context)&#xD;
   at Microsoft.Extensions.DependencyInjection.ServiceLookup.CallSiteVisitor`2.VisitCallSiteMain(ServiceCallSite callSite, TArgument argument)&#xD;
   at Microsoft.Extensions.DependencyInjection.ServiceLookup.CallSiteRuntimeResolver.VisitCache(ServiceCallSite callSite, RuntimeResolverContext context, ServiceProviderEngineScope serviceProviderEngine, RuntimeResolverLock lockType)&#xD;
   at Microsoft.Extensions.DependencyInjection.ServiceLookup.CallSiteRuntimeResolver.VisitScopeCache(ServiceCallSite callSite, RuntimeResolverContext context)&#xD;
   at Microsoft.Extensions.DependencyInjection.ServiceLookup.CallSiteVisitor`2.VisitCallSite(ServiceCallSite callSite, TArgument argument)&#xD;
   at Microsoft.Extensions.DependencyInjection.ServiceLookup.CallSiteRuntimeResolver.Resolve(ServiceCallSite callSite, ServiceProviderEngineScope scope)&#xD;
   at Microsoft.Extensions.DependencyInjection.ServiceLookup.DynamicServiceProviderEngine.&lt;&gt;c__DisplayClass2_0.&lt;RealizeService&gt;b__0(ServiceProviderEngineScope scope)&#xD;
   at Microsoft.Extensions.DependencyInjection.ServiceProvider.GetService(ServiceIdentifier serviceIdentifier, ServiceProviderEngineScope serviceProviderEngineScope)&#xD;
   at Microsoft.Extensions.DependencyInjection.ServiceLookup.ServiceProviderEngineScope.GetService(Type serviceType)&#xD;
   at Microsoft.Extensions.DependencyInjection.ServiceProviderServiceExtensions.GetRequiredService(IServiceProvider provider, Type serviceType)&#xD;
   at Microsoft.Extensions.DependencyInjection.ServiceProviderServiceExtensions.GetRequiredService[T](IServiceProvider provider)&#xD;
   at Microsoft.EntityFrameworkCore.DbContext.get_DbContextDependencies()&#xD;
   at Microsoft.EntityFrameworkCore.DbContext.get_ContextServices()&#xD;
   at Microsoft.EntityFrameworkCore.DbContext.get_InternalServiceProvider()&#xD;
   at Microsoft.EntityFrameworkCore.DbContext.Microsoft.EntityFrameworkCore.Infrastructure.IInfrastructure&lt;System.IServiceProvider&gt;.get_Instance()&#xD;
   at Microsoft.EntityFrameworkCore.Infrastructure.Internal.InfrastructureExtensions.GetService(IInfrastructure`1 accessor, Type serviceType)&#xD;
   at Microsoft.EntityFrameworkCore.Infrastructure.Internal.InfrastructureExtensions.GetService[TService](IInfrastructure`1 accessor)&#xD;
   at Microsoft.EntityFrameworkCore.Infrastructure.AccessorExtensions.GetService[TService](IInfrastructure`1 accessor)&#xD;
   at Microsoft.EntityFrameworkCore.Infrastructure.DatabaseFacade.get_Dependencies()&#xD;
   at Microsoft.EntityFrameworkCore.Infrastructure.DatabaseFacade.EnsureCreated()&#xD;
   at VNVTStore.Tests.Common.TestDbContextFactory.Create() in D:\VNVTStoreApp\VNVTStore.Backend\src\VNVTStore.Tests\Common\TestDbContextFactory.cs:line 19&#xD;
   at VNVTStore.Tests.Handlers.UpdateProductHandlerTests..ctor() in D:\VNVTStoreApp\VNVTStore.Backend\src\VNVTStore.Tests\Handlers\UpdateProductHandlerTests.cs:line 36&#xD;
   at System.RuntimeType.CreateInstanceDefaultCtor(Boolean publicOnly, Boolean wrapExceptions)</StackTrace>
        </ErrorInfo>
      </Output>
    </UnitTestResult>
    <UnitTestResult executionId="d4b21d45-ba00-49d5-821f-3ab267fbb675" testId="11be8e6f-44b5-a5a9-76f2-d7192ac55e17" testName="VNVTStore.Tests.Handlers.UserHandlersTests.GetUserProfile_ShouldReturnData_WhenUserExists" computerName="TIENVO" duration="00:00:00.0689753" startTime="2026-02-02T14:21:06.9841484+07:00" endTime="2026-02-02T14:21:06.9841489+07:00" testType="13cdc9d9-ddb5-4fa4-a97d-d965ccfc6d4b" outcome="Failed" testListId="8c84fa94-04c1-424b-9868-57a2d4851a1d" relativeResultsDirectory="d4b21d45-ba00-49d5-821f-3ab267fbb675">
      <Output>
        <ErrorInfo>
          <Message>System.InvalidOperationException : The provider for the source 'IQueryable' doesn't implement 'IAsyncQueryProvider'. Only providers that implement 'IAsyncQueryProvider' can be used for Entity Framework asynchronous operations.</Message>
          <StackTrace>   at Microsoft.EntityFrameworkCore.EntityFrameworkQueryableExtensions.ExecuteAsync[TSource,TResult](MethodInfo operatorMethodInfo, IQueryable`1 source, Expression expression, CancellationToken cancellationToken)&#xD;
   at Microsoft.EntityFrameworkCore.EntityFrameworkQueryableExtensions.ExecuteAsync[TSource,TResult](MethodInfo operatorMethodInfo, IQueryable`1 source, LambdaExpression expression, CancellationToken cancellationToken)&#xD;
   at Microsoft.EntityFrameworkCore.EntityFrameworkQueryableExtensions.FirstOrDefaultAsync[TSource](IQueryable`1 source, Expression`1 predicate, CancellationToken cancellationToken)&#xD;
   at VNVTStore.Application.Common.BaseHandler`1.GetByCodeAsync[TResponse](String code, String entityName, CancellationToken cancellationToken, Func`2 includes) in D:\VNVTStoreApp\VNVTStore.Backend\src\VNVTStore.Application\Common\BaseHandler.cs:line 231&#xD;
   at VNVTStore.Application.Users.Handlers.UserHandlers.Handle(GetUserProfileQuery request, CancellationToken cancellationToken) in D:\VNVTStoreApp\VNVTStore.Backend\src\VNVTStore.Application\Users\Handlers\UserHandlers.cs:line 49&#xD;
   at VNVTStore.Tests.Handlers.UserHandlersTests.GetUserProfile_ShouldReturnData_WhenUserExists() in D:\VNVTStoreApp\VNVTStore.Backend\src\VNVTStore.Tests\Handlers\UserHandlersTests.cs:line 179&#xD;
--- End of stack trace from previous location ---</StackTrace>
        </ErrorInfo>
      </Output>
    </UnitTestResult>
    <UnitTestResult executionId="a8555a14-2e54-4d8c-88ac-7893419530e3" testId="60f2fd35-1fc0-e8d9-5013-947ef6e3a967" testName="VNVTStore.Tests.Domain.SmartEnumTests.FromValue_WithInvalidValue_ReturnsNull" computerName="TIENVO" duration="00:00:00.0006162" startTime="2026-02-02T14:21:06.6218045+07:00" endTime="2026-02-02T14:21:06.6218048+07:00" testType="13cdc9d9-ddb5-4fa4-a97d-d965ccfc6d4b" outcome="Passed" testListId="8c84fa94-04c1-424b-9868-57a2d4851a1d" relativeResultsDirectory="a8555a14-2e54-4d8c-88ac-7893419530e3" />
    <UnitTestResult executionId="360679e7-b2ae-4c81-9eba-55fcab9ad6a5" testId="70bba6aa-471f-45b3-c02a-b17c3e1909f1" testName="VNVTStore.Tests.Handlers.UpdateProductHandlerTests.Handle_UpdateProductWithChildren_ShouldReplaceChildren" computerName="TIENVO" duration="00:00:00.0010000" startTime="2026-02-02T14:21:11.5293457+07:00" endTime="2026-02-02T14:21:11.5293463+07:00" testType="13cdc9d9-ddb5-4fa4-a97d-d965ccfc6d4b" outcome="Failed" testListId="8c84fa94-04c1-424b-9868-57a2d4851a1d" relativeResultsDirectory="360679e7-b2ae-4c81-9eba-55fcab9ad6a5">
      <Output>
        <ErrorInfo>
          <Message>System.InvalidOperationException : No backing field was found for property 'TblOrder.TblOrderItems'. Name the backing field so that it is discovered by convention, configure the backing field to use, or use a different 'PropertyAccessMode'.</Message>
          <StackTrace>   at Microsoft.EntityFrameworkCore.Infrastructure.ModelValidator.&lt;ValidateFieldMapping&gt;g__Validate|24_0(ITypeBase typeBase)&#xD;
   at Microsoft.EntityFrameworkCore.Infrastructure.ModelValidator.ValidateFieldMapping(IModel model, IDiagnosticsLogger`1 logger)&#xD;
   at Microsoft.EntityFrameworkCore.Infrastructure.ModelValidator.Validate(IModel model, IDiagnosticsLogger`1 logger)&#xD;
   at Microsoft.EntityFrameworkCore.Infrastructure.RelationalModelValidator.Validate(IModel model, IDiagnosticsLogger`1 logger)&#xD;
   at Microsoft.EntityFrameworkCore.Sqlite.Infrastructure.Internal.SqliteModelValidator.Validate(IModel model, IDiagnosticsLogger`1 logger)&#xD;
   at Microsoft.EntityFrameworkCore.Infrastructure.ModelRuntimeInitializer.Initialize(IModel model, Boolean designTime, IDiagnosticsLogger`1 validationLogger)&#xD;
   at Microsoft.EntityFrameworkCore.Infrastructure.ModelSource.GetModel(DbContext context, ModelCreationDependencies modelCreationDependencies, Boolean designTime)&#xD;
   at Microsoft.EntityFrameworkCore.Internal.DbContextServices.CreateModel(Boolean designTime)&#xD;
   at Microsoft.EntityFrameworkCore.Internal.DbContextServices.get_Model()&#xD;
   at Microsoft.EntityFrameworkCore.Infrastructure.EntityFrameworkServicesBuilder.&lt;&gt;c.&lt;TryAddCoreServices&gt;b__8_4(IServiceProvider p)&#xD;
   at Microsoft.Extensions.DependencyInjection.ServiceLookup.CallSiteRuntimeResolver.VisitFactory(FactoryCallSite factoryCallSite, RuntimeResolverContext context)&#xD;
   at Microsoft.Extensions.DependencyInjection.ServiceLookup.CallSiteVisitor`2.VisitCallSiteMain(ServiceCallSite callSite, TArgument argument)&#xD;
   at Microsoft.Extensions.DependencyInjection.ServiceLookup.CallSiteRuntimeResolver.VisitCache(ServiceCallSite callSite, RuntimeResolverContext context, ServiceProviderEngineScope serviceProviderEngine, RuntimeResolverLock lockType)&#xD;
   at Microsoft.Extensions.DependencyInjection.ServiceLookup.CallSiteRuntimeResolver.VisitScopeCache(ServiceCallSite callSite, RuntimeResolverContext context)&#xD;
   at Microsoft.Extensions.DependencyInjection.ServiceLookup.CallSiteVisitor`2.VisitCallSite(ServiceCallSite callSite, TArgument argument)&#xD;
   at Microsoft.Extensions.DependencyInjection.ServiceLookup.CallSiteRuntimeResolver.VisitConstructor(ConstructorCallSite constructorCallSite, RuntimeResolverContext context)&#xD;
   at Microsoft.Extensions.DependencyInjection.ServiceLookup.CallSiteVisitor`2.VisitCallSiteMain(ServiceCallSite callSite, TArgument argument)&#xD;
   at Microsoft.Extensions.DependencyInjection.ServiceLookup.CallSiteRuntimeResolver.VisitCache(ServiceCallSite callSite, RuntimeResolverContext context, ServiceProviderEngineScope serviceProviderEngine, RuntimeResolverLock lockType)&#xD;
   at Microsoft.Extensions.DependencyInjection.ServiceLookup.CallSiteRuntimeResolver.VisitScopeCache(ServiceCallSite callSite, RuntimeResolverContext context)&#xD;
   at Microsoft.Extensions.DependencyInjection.ServiceLookup.CallSiteVisitor`2.VisitCallSite(ServiceCallSite callSite, TArgument argument)&#xD;
   at Microsoft.Extensions.DependencyInjection.ServiceLookup.CallSiteRuntimeResolver.VisitConstructor(ConstructorCallSite constructorCallSite, RuntimeResolverContext context)&#xD;
   at Microsoft.Extensions.DependencyInjection.ServiceLookup.CallSiteVisitor`2.VisitCallSiteMain(ServiceCallSite callSite, TArgument argument)&#xD;
   at Microsoft.Extensions.DependencyInjection.ServiceLookup.CallSiteRuntimeResolver.VisitCache(ServiceCallSite callSite, RuntimeResolverContext context, ServiceProviderEngineScope serviceProviderEngine, RuntimeResolverLock lockType)&#xD;
   at Microsoft.Extensions.DependencyInjection.ServiceLookup.CallSiteRuntimeResolver.VisitScopeCache(ServiceCallSite callSite, RuntimeResolverContext context)&#xD;
   at Microsoft.Extensions.DependencyInjection.ServiceLookup.CallSiteVisitor`2.VisitCallSite(ServiceCallSite callSite, TArgument argument)&#xD;
   at Microsoft.Extensions.DependencyInjection.ServiceLookup.CallSiteRuntimeResolver.VisitConstructor(ConstructorCallSite constructorCallSite, RuntimeResolverContext context)&#xD;
   at Microsoft.Extensions.DependencyInjection.ServiceLookup.CallSiteVisitor`2.VisitCallSiteMain(ServiceCallSite callSite, TArgument argument)&#xD;
   at Microsoft.Extensions.DependencyInjection.ServiceLookup.CallSiteRuntimeResolver.VisitCache(ServiceCallSite callSite, RuntimeResolverContext context, ServiceProviderEngineScope serviceProviderEngine, RuntimeResolverLock lockType)&#xD;
   at Microsoft.Extensions.DependencyInjection.ServiceLookup.CallSiteRuntimeResolver.VisitScopeCache(ServiceCallSite callSite, RuntimeResolverContext context)&#xD;
   at Microsoft.Extensions.DependencyInjection.ServiceLookup.CallSiteVisitor`2.VisitCallSite(ServiceCallSite callSite, TArgument argument)&#xD;
   at Microsoft.Extensions.DependencyInjection.ServiceLookup.CallSiteRuntimeResolver.VisitConstructor(ConstructorCallSite constructorCallSite, RuntimeResolverContext context)&#xD;
   at Microsoft.Extensions.DependencyInjection.ServiceLookup.CallSiteVisitor`2.VisitCallSiteMain(ServiceCallSite callSite, TArgument argument)&#xD;
   at Microsoft.Extensions.DependencyInjection.ServiceLookup.CallSiteRuntimeResolver.VisitCache(ServiceCallSite callSite, RuntimeResolverContext context, ServiceProviderEngineScope serviceProviderEngine, RuntimeResolverLock lockType)&#xD;
   at Microsoft.Extensions.DependencyInjection.ServiceLookup.CallSiteRuntimeResolver.VisitScopeCache(ServiceCallSite callSite, RuntimeResolverContext context)&#xD;
   at Microsoft.Extensions.DependencyInjection.ServiceLookup.CallSiteVisitor`2.VisitCallSite(ServiceCallSite callSite, TArgument argument)&#xD;
   at Microsoft.Extensions.DependencyInjection.ServiceLookup.CallSiteRuntimeResolver.VisitConstructor(ConstructorCallSite constructorCallSite, RuntimeResolverContext context)&#xD;
   at Microsoft.Extensions.DependencyInjection.ServiceLookup.CallSiteVisitor`2.VisitCallSiteMain(ServiceCallSite callSite, TArgument argument)&#xD;
   at Microsoft.Extensions.DependencyInjection.ServiceLookup.CallSiteRuntimeResolver.VisitCache(ServiceCallSite callSite, RuntimeResolverContext context, ServiceProviderEngineScope serviceProviderEngine, RuntimeResolverLock lockType)&#xD;
   at Microsoft.Extensions.DependencyInjection.ServiceLookup.CallSiteRuntimeResolver.VisitScopeCache(ServiceCallSite callSite, RuntimeResolverContext context)&#xD;
   at Microsoft.Extensions.DependencyInjection.ServiceLookup.CallSiteVisitor`2.VisitCallSite(ServiceCallSite callSite, TArgument argument)&#xD;
   at Microsoft.Extensions.DependencyInjection.ServiceLookup.CallSiteRuntimeResolver.Resolve(ServiceCallSite callSite, ServiceProviderEngineScope scope)&#xD;
   at Microsoft.Extensions.DependencyInjection.ServiceLookup.DynamicServiceProviderEngine.&lt;&gt;c__DisplayClass2_0.&lt;RealizeService&gt;b__0(ServiceProviderEngineScope scope)&#xD;
   at Microsoft.Extensions.DependencyInjection.ServiceProvider.GetService(ServiceIdentifier serviceIdentifier, ServiceProviderEngineScope serviceProviderEngineScope)&#xD;
   at Microsoft.Extensions.DependencyInjection.ServiceLookup.ServiceProviderEngineScope.GetService(Type serviceType)&#xD;
   at Microsoft.Extensions.DependencyInjection.ServiceProviderServiceExtensions.GetRequiredService(IServiceProvider provider, Type serviceType)&#xD;
   at Microsoft.Extensions.DependencyInjection.ServiceProviderServiceExtensions.GetRequiredService[T](IServiceProvider provider)&#xD;
   at Microsoft.EntityFrameworkCore.DbContext.get_DbContextDependencies()&#xD;
   at Microsoft.EntityFrameworkCore.DbContext.get_ContextServices()&#xD;
   at Microsoft.EntityFrameworkCore.DbContext.get_InternalServiceProvider()&#xD;
   at Microsoft.EntityFrameworkCore.DbContext.Microsoft.EntityFrameworkCore.Infrastructure.IInfrastructure&lt;System.IServiceProvider&gt;.get_Instance()&#xD;
   at Microsoft.EntityFrameworkCore.Infrastructure.Internal.InfrastructureExtensions.GetService(IInfrastructure`1 accessor, Type serviceType)&#xD;
   at Microsoft.EntityFrameworkCore.Infrastructure.Internal.InfrastructureExtensions.GetService[TService](IInfrastructure`1 accessor)&#xD;
   at Microsoft.EntityFrameworkCore.Infrastructure.AccessorExtensions.GetService[TService](IInfrastructure`1 accessor)&#xD;
   at Microsoft.EntityFrameworkCore.Infrastructure.DatabaseFacade.get_Dependencies()&#xD;
   at Microsoft.EntityFrameworkCore.Infrastructure.DatabaseFacade.EnsureCreated()&#xD;
   at VNVTStore.Tests.Common.TestDbContextFactory.Create() in D:\VNVTStoreApp\VNVTStore.Backend\src\VNVTStore.Tests\Common\TestDbContextFactory.cs:line 19&#xD;
   at VNVTStore.Tests.Handlers.UpdateProductHandlerTests..ctor() in D:\VNVTStoreApp\VNVTStore.Backend\src\VNVTStore.Tests\Handlers\UpdateProductHandlerTests.cs:line 36&#xD;
   at System.RuntimeType.CreateInstanceDefaultCtor(Boolean publicOnly, Boolean wrapExceptions)</StackTrace>
        </ErrorInfo>
      </Output>
    </UnitTestResult>
    <UnitTestResult executionId="b847ac15-c2a9-420f-8459-026832dfaeac" testId="f72d8508-20cc-3004-7cc6-cd7ecf79e834" testName="VNVTStore.Tests.Handlers.ProductHandlersTests.CreateProduct_Success_ReturnsDto" computerName="TIENVO" duration="00:00:00.0010000" startTime="2026-02-02T14:21:10.5266859+07:00" endTime="2026-02-02T14:21:10.5266870+07:00" testType="13cdc9d9-ddb5-4fa4-a97d-d965ccfc6d4b" outcome="Failed" testListId="8c84fa94-04c1-424b-9868-57a2d4851a1d" relativeResultsDirectory="b847ac15-c2a9-420f-8459-026832dfaeac">
      <Output>
        <ErrorInfo>
          <Message>System.InvalidOperationException : No backing field was found for property 'TblOrder.TblOrderItems'. Name the backing field so that it is discovered by convention, configure the backing field to use, or use a different 'PropertyAccessMode'.</Message>
          <StackTrace>   at Microsoft.EntityFrameworkCore.Infrastructure.ModelValidator.&lt;ValidateFieldMapping&gt;g__Validate|24_0(ITypeBase typeBase)&#xD;
   at Microsoft.EntityFrameworkCore.Infrastructure.ModelValidator.ValidateFieldMapping(IModel model, IDiagnosticsLogger`1 logger)&#xD;
   at Microsoft.EntityFrameworkCore.Infrastructure.ModelValidator.Validate(IModel model, IDiagnosticsLogger`1 logger)&#xD;
   at Microsoft.EntityFrameworkCore.Infrastructure.RelationalModelValidator.Validate(IModel model, IDiagnosticsLogger`1 logger)&#xD;
   at Microsoft.EntityFrameworkCore.Sqlite.Infrastructure.Internal.SqliteModelValidator.Validate(IModel model, IDiagnosticsLogger`1 logger)&#xD;
   at Microsoft.EntityFrameworkCore.Infrastructure.ModelRuntimeInitializer.Initialize(IModel model, Boolean designTime, IDiagnosticsLogger`1 validationLogger)&#xD;
   at Microsoft.EntityFrameworkCore.Infrastructure.ModelSource.GetModel(DbContext context, ModelCreationDependencies modelCreationDependencies, Boolean designTime)&#xD;
   at Microsoft.EntityFrameworkCore.Internal.DbContextServices.CreateModel(Boolean designTime)&#xD;
   at Microsoft.EntityFrameworkCore.Internal.DbContextServices.get_Model()&#xD;
   at Microsoft.EntityFrameworkCore.Infrastructure.EntityFrameworkServicesBuilder.&lt;&gt;c.&lt;TryAddCoreServices&gt;b__8_4(IServiceProvider p)&#xD;
   at Microsoft.Extensions.DependencyInjection.ServiceLookup.CallSiteRuntimeResolver.VisitFactory(FactoryCallSite factoryCallSite, RuntimeResolverContext context)&#xD;
   at Microsoft.Extensions.DependencyInjection.ServiceLookup.CallSiteVisitor`2.VisitCallSiteMain(ServiceCallSite callSite, TArgument argument)&#xD;
   at Microsoft.Extensions.DependencyInjection.ServiceLookup.CallSiteRuntimeResolver.VisitCache(ServiceCallSite callSite, RuntimeResolverContext context, ServiceProviderEngineScope serviceProviderEngine, RuntimeResolverLock lockType)&#xD;
   at Microsoft.Extensions.DependencyInjection.ServiceLookup.CallSiteRuntimeResolver.VisitScopeCache(ServiceCallSite callSite, RuntimeResolverContext context)&#xD;
   at Microsoft.Extensions.DependencyInjection.ServiceLookup.CallSiteVisitor`2.VisitCallSite(ServiceCallSite callSite, TArgument argument)&#xD;
   at Microsoft.Extensions.DependencyInjection.ServiceLookup.CallSiteRuntimeResolver.VisitConstructor(ConstructorCallSite constructorCallSite, RuntimeResolverContext context)&#xD;
   at Microsoft.Extensions.DependencyInjection.ServiceLookup.CallSiteVisitor`2.VisitCallSiteMain(ServiceCallSite callSite, TArgument argument)&#xD;
   at Microsoft.Extensions.DependencyInjection.ServiceLookup.CallSiteRuntimeResolver.VisitCache(ServiceCallSite callSite, RuntimeResolverContext context, ServiceProviderEngineScope serviceProviderEngine, RuntimeResolverLock lockType)&#xD;
   at Microsoft.Extensions.DependencyInjection.ServiceLookup.CallSiteRuntimeResolver.VisitScopeCache(ServiceCallSite callSite, RuntimeResolverContext context)&#xD;
   at Microsoft.Extensions.DependencyInjection.ServiceLookup.CallSiteVisitor`2.VisitCallSite(ServiceCallSite callSite, TArgument argument)&#xD;
   at Microsoft.Extensions.DependencyInjection.ServiceLookup.CallSiteRuntimeResolver.VisitConstructor(ConstructorCallSite constructorCallSite, RuntimeResolverContext context)&#xD;
   at Microsoft.Extensions.DependencyInjection.ServiceLookup.CallSiteVisitor`2.VisitCallSiteMain(ServiceCallSite callSite, TArgument argument)&#xD;
   at Microsoft.Extensions.DependencyInjection.ServiceLookup.CallSiteRuntimeResolver.VisitCache(ServiceCallSite callSite, RuntimeResolverContext context, ServiceProviderEngineScope serviceProviderEngine, RuntimeResolverLock lockType)&#xD;
   at Microsoft.Extensions.DependencyInjection.ServiceLookup.CallSiteRuntimeResolver.VisitScopeCache(ServiceCallSite callSite, RuntimeResolverContext context)&#xD;
   at Microsoft.Extensions.DependencyInjection.ServiceLookup.CallSiteVisitor`2.VisitCallSite(ServiceCallSite callSite, TArgument argument)&#xD;
   at Microsoft.Extensions.DependencyInjection.ServiceLookup.CallSiteRuntimeResolver.VisitConstructor(ConstructorCallSite constructorCallSite, RuntimeResolverContext context)&#xD;
   at Microsoft.Extensions.DependencyInjection.ServiceLookup.CallSiteVisitor`2.VisitCallSiteMain(ServiceCallSite callSite, TArgument argument)&#xD;
   at Microsoft.Extensions.DependencyInjection.ServiceLookup.CallSiteRuntimeResolver.VisitCache(ServiceCallSite callSite, RuntimeResolverContext context, ServiceProviderEngineScope serviceProviderEngine, RuntimeResolverLock lockType)&#xD;
   at Microsoft.Extensions.DependencyInjection.ServiceLookup.CallSiteRuntimeResolver.VisitScopeCache(ServiceCallSite callSite, RuntimeResolverContext context)&#xD;
   at Microsoft.Extensions.DependencyInjection.ServiceLookup.CallSiteVisitor`2.VisitCallSite(ServiceCallSite callSite, TArgument argument)&#xD;
   at Microsoft.Extensions.DependencyInjection.ServiceLookup.CallSiteRuntimeResolver.VisitConstructor(ConstructorCallSite constructorCallSite, RuntimeResolverContext context)&#xD;
   at Microsoft.Extensions.DependencyInjection.ServiceLookup.CallSiteVisitor`2.VisitCallSiteMain(ServiceCallSite callSite, TArgument argument)&#xD;
   at Microsoft.Extensions.DependencyInjection.ServiceLookup.CallSiteRuntimeResolver.VisitCache(ServiceCallSite callSite, RuntimeResolverContext context, ServiceProviderEngineScope serviceProviderEngine, RuntimeResolverLock lockType)&#xD;
   at Microsoft.Extensions.DependencyInjection.ServiceLookup.CallSiteRuntimeResolver.VisitScopeCache(ServiceCallSite callSite, RuntimeResolverContext context)&#xD;
   at Microsoft.Extensions.DependencyInjection.ServiceLookup.CallSiteVisitor`2.VisitCallSite(ServiceCallSite callSite, TArgument argument)&#xD;
   at Microsoft.Extensions.DependencyInjection.ServiceLookup.CallSiteRuntimeResolver.VisitConstructor(ConstructorCallSite constructorCallSite, RuntimeResolverContext context)&#xD;
   at Microsoft.Extensions.DependencyInjection.ServiceLookup.CallSiteVisitor`2.VisitCallSiteMain(ServiceCallSite callSite, TArgument argument)&#xD;
   at Microsoft.Extensions.DependencyInjection.ServiceLookup.CallSiteRuntimeResolver.VisitCache(ServiceCallSite callSite, RuntimeResolverContext context, ServiceProviderEngineScope serviceProviderEngine, RuntimeResolverLock lockType)&#xD;
   at Microsoft.Extensions.DependencyInjection.ServiceLookup.CallSiteRuntimeResolver.VisitScopeCache(ServiceCallSite callSite, RuntimeResolverContext context)&#xD;
   at Microsoft.Extensions.DependencyInjection.ServiceLookup.CallSiteVisitor`2.VisitCallSite(ServiceCallSite callSite, TArgument argument)&#xD;
   at Microsoft.Extensions.DependencyInjection.ServiceLookup.CallSiteRuntimeResolver.Resolve(ServiceCallSite callSite, ServiceProviderEngineScope scope)&#xD;
   at Microsoft.Extensions.DependencyInjection.ServiceLookup.DynamicServiceProviderEngine.&lt;&gt;c__DisplayClass2_0.&lt;RealizeService&gt;b__0(ServiceProviderEngineScope scope)&#xD;
   at Microsoft.Extensions.DependencyInjection.ServiceProvider.GetService(ServiceIdentifier serviceIdentifier, ServiceProviderEngineScope serviceProviderEngineScope)&#xD;
   at Microsoft.Extensions.DependencyInjection.ServiceLookup.ServiceProviderEngineScope.GetService(Type serviceType)&#xD;
   at Microsoft.Extensions.DependencyInjection.ServiceProviderServiceExtensions.GetRequiredService(IServiceProvider provider, Type serviceType)&#xD;
   at Microsoft.Extensions.DependencyInjection.ServiceProviderServiceExtensions.GetRequiredService[T](IServiceProvider provider)&#xD;
   at Microsoft.EntityFrameworkCore.DbContext.get_DbContextDependencies()&#xD;
   at Microsoft.EntityFrameworkCore.DbContext.get_ContextServices()&#xD;
   at Microsoft.EntityFrameworkCore.DbContext.get_InternalServiceProvider()&#xD;
   at Microsoft.EntityFrameworkCore.DbContext.Microsoft.EntityFrameworkCore.Infrastructure.IInfrastructure&lt;System.IServiceProvider&gt;.get_Instance()&#xD;
   at Microsoft.EntityFrameworkCore.Infrastructure.Internal.InfrastructureExtensions.GetService(IInfrastructure`1 accessor, Type serviceType)&#xD;
   at Microsoft.EntityFrameworkCore.Infrastructure.Internal.InfrastructureExtensions.GetService[TService](IInfrastructure`1 accessor)&#xD;
   at Microsoft.EntityFrameworkCore.Infrastructure.AccessorExtensions.GetService[TService](IInfrastructure`1 accessor)&#xD;
   at Microsoft.EntityFrameworkCore.Infrastructure.DatabaseFacade.get_Dependencies()&#xD;
   at Microsoft.EntityFrameworkCore.Infrastructure.DatabaseFacade.EnsureCreated()&#xD;
   at VNVTStore.Tests.Common.TestDbContextFactory.Create() in D:\VNVTStoreApp\VNVTStore.Backend\src\VNVTStore.Tests\Common\TestDbContextFactory.cs:line 19&#xD;
   at VNVTStore.Tests.Handlers.ProductHandlersTests..ctor() in D:\VNVTStoreApp\VNVTStore.Backend\src\VNVTStore.Tests\Handlers\ProductHandlersTests.cs:line 41&#xD;
   at System.RuntimeType.CreateInstanceDefaultCtor(Boolean publicOnly, Boolean wrapExceptions)</StackTrace>
        </ErrorInfo>
      </Output>
    </UnitTestResult>
    <UnitTestResult executionId="455fa4e6-88ae-4479-b862-fe633c86801b" testId="d4dfb4ce-a399-96f2-6c5b-47c17729ba2e" testName="VNVTStore.Tests.Handlers.ProductHandlersTests.DeleteProduct_Success_PerformsSoftDelete" computerName="TIENVO" duration="00:00:00.0010000" startTime="2026-02-02T14:21:12.6792914+07:00" endTime="2026-02-02T14:21:12.6792920+07:00" testType="13cdc9d9-ddb5-4fa4-a97d-d965ccfc6d4b" outcome="Failed" testListId="8c84fa94-04c1-424b-9868-57a2d4851a1d" relativeResultsDirectory="455fa4e6-88ae-4479-b862-fe633c86801b">
      <Output>
        <ErrorInfo>
          <Message>System.InvalidOperationException : No backing field was found for property 'TblOrder.TblOrderItems'. Name the backing field so that it is discovered by convention, configure the backing field to use, or use a different 'PropertyAccessMode'.</Message>
          <StackTrace>   at Microsoft.EntityFrameworkCore.Infrastructure.ModelValidator.&lt;ValidateFieldMapping&gt;g__Validate|24_0(ITypeBase typeBase)&#xD;
   at Microsoft.EntityFrameworkCore.Infrastructure.ModelValidator.ValidateFieldMapping(IModel model, IDiagnosticsLogger`1 logger)&#xD;
   at Microsoft.EntityFrameworkCore.Infrastructure.ModelValidator.Validate(IModel model, IDiagnosticsLogger`1 logger)&#xD;
   at Microsoft.EntityFrameworkCore.Infrastructure.RelationalModelValidator.Validate(IModel model, IDiagnosticsLogger`1 logger)&#xD;
   at Microsoft.EntityFrameworkCore.Sqlite.Infrastructure.Internal.SqliteModelValidator.Validate(IModel model, IDiagnosticsLogger`1 logger)&#xD;
   at Microsoft.EntityFrameworkCore.Infrastructure.ModelRuntimeInitializer.Initialize(IModel model, Boolean designTime, IDiagnosticsLogger`1 validationLogger)&#xD;
   at Microsoft.EntityFrameworkCore.Infrastructure.ModelSource.GetModel(DbContext context, ModelCreationDependencies modelCreationDependencies, Boolean designTime)&#xD;
   at Microsoft.EntityFrameworkCore.Internal.DbContextServices.CreateModel(Boolean designTime)&#xD;
   at Microsoft.EntityFrameworkCore.Internal.DbContextServices.get_Model()&#xD;
   at Microsoft.EntityFrameworkCore.Infrastructure.EntityFrameworkServicesBuilder.&lt;&gt;c.&lt;TryAddCoreServices&gt;b__8_4(IServiceProvider p)&#xD;
   at Microsoft.Extensions.DependencyInjection.ServiceLookup.CallSiteRuntimeResolver.VisitFactory(FactoryCallSite factoryCallSite, RuntimeResolverContext context)&#xD;
   at Microsoft.Extensions.DependencyInjection.ServiceLookup.CallSiteVisitor`2.VisitCallSiteMain(ServiceCallSite callSite, TArgument argument)&#xD;
   at Microsoft.Extensions.DependencyInjection.ServiceLookup.CallSiteRuntimeResolver.VisitCache(ServiceCallSite callSite, RuntimeResolverContext context, ServiceProviderEngineScope serviceProviderEngine, RuntimeResolverLock lockType)&#xD;
   at Microsoft.Extensions.DependencyInjection.ServiceLookup.CallSiteRuntimeResolver.VisitScopeCache(ServiceCallSite callSite, RuntimeResolverContext context)&#xD;
   at Microsoft.Extensions.DependencyInjection.ServiceLookup.CallSiteVisitor`2.VisitCallSite(ServiceCallSite callSite, TArgument argument)&#xD;
   at Microsoft.Extensions.DependencyInjection.ServiceLookup.CallSiteRuntimeResolver.VisitConstructor(ConstructorCallSite constructorCallSite, RuntimeResolverContext context)&#xD;
   at Microsoft.Extensions.DependencyInjection.ServiceLookup.CallSiteVisitor`2.VisitCallSiteMain(ServiceCallSite callSite, TArgument argument)&#xD;
   at Microsoft.Extensions.DependencyInjection.ServiceLookup.CallSiteRuntimeResolver.VisitCache(ServiceCallSite callSite, RuntimeResolverContext context, ServiceProviderEngineScope serviceProviderEngine, RuntimeResolverLock lockType)&#xD;
   at Microsoft.Extensions.DependencyInjection.ServiceLookup.CallSiteRuntimeResolver.VisitScopeCache(ServiceCallSite callSite, RuntimeResolverContext context)&#xD;
   at Microsoft.Extensions.DependencyInjection.ServiceLookup.CallSiteVisitor`2.VisitCallSite(ServiceCallSite callSite, TArgument argument)&#xD;
   at Microsoft.Extensions.DependencyInjection.ServiceLookup.CallSiteRuntimeResolver.VisitConstructor(ConstructorCallSite constructorCallSite, RuntimeResolverContext context)&#xD;
   at Microsoft.Extensions.DependencyInjection.ServiceLookup.CallSiteVisitor`2.VisitCallSiteMain(ServiceCallSite callSite, TArgument argument)&#xD;
   at Microsoft.Extensions.DependencyInjection.ServiceLookup.CallSiteRuntimeResolver.VisitCache(ServiceCallSite callSite, RuntimeResolverContext context, ServiceProviderEngineScope serviceProviderEngine, RuntimeResolverLock lockType)&#xD;
   at Microsoft.Extensions.DependencyInjection.ServiceLookup.CallSiteRuntimeResolver.VisitScopeCache(ServiceCallSite callSite, RuntimeResolverContext context)&#xD;
   at Microsoft.Extensions.DependencyInjection.ServiceLookup.CallSiteVisitor`2.VisitCallSite(ServiceCallSite callSite, TArgument argument)&#xD;
   at Microsoft.Extensions.DependencyInjection.ServiceLookup.CallSiteRuntimeResolver.VisitConstructor(ConstructorCallSite constructorCallSite, RuntimeResolverContext context)&#xD;
   at Microsoft.Extensions.DependencyInjection.ServiceLookup.CallSiteVisitor`2.VisitCallSiteMain(ServiceCallSite callSite, TArgument argument)&#xD;
   at Microsoft.Extensions.DependencyInjection.ServiceLookup.CallSiteRuntimeResolver.VisitCache(ServiceCallSite callSite, RuntimeResolverContext context, ServiceProviderEngineScope serviceProviderEngine, RuntimeResolverLock lockType)&#xD;
   at Microsoft.Extensions.DependencyInjection.ServiceLookup.CallSiteRuntimeResolver.VisitScopeCache(ServiceCallSite callSite, RuntimeResolverContext context)&#xD;
   at Microsoft.Extensions.DependencyInjection.ServiceLookup.CallSiteVisitor`2.VisitCallSite(ServiceCallSite callSite, TArgument argument)&#xD;
   at Microsoft.Extensions.DependencyInjection.ServiceLookup.CallSiteRuntimeResolver.VisitConstructor(ConstructorCallSite constructorCallSite, RuntimeResolverContext context)&#xD;
   at Microsoft.Extensions.DependencyInjection.ServiceLookup.CallSiteVisitor`2.VisitCallSiteMain(ServiceCallSite callSite, TArgument argument)&#xD;
   at Microsoft.Extensions.DependencyInjection.ServiceLookup.CallSiteRuntimeResolver.VisitCache(ServiceCallSite callSite, RuntimeResolverContext context, ServiceProviderEngineScope serviceProviderEngine, RuntimeResolverLock lockType)&#xD;
   at Microsoft.Extensions.DependencyInjection.ServiceLookup.CallSiteRuntimeResolver.VisitScopeCache(ServiceCallSite callSite, RuntimeResolverContext context)&#xD;
   at Microsoft.Extensions.DependencyInjection.ServiceLookup.CallSiteVisitor`2.VisitCallSite(ServiceCallSite callSite, TArgument argument)&#xD;
   at Microsoft.Extensions.DependencyInjection.ServiceLookup.CallSiteRuntimeResolver.VisitConstructor(ConstructorCallSite constructorCallSite, RuntimeResolverContext context)&#xD;
   at Microsoft.Extensions.DependencyInjection.ServiceLookup.CallSiteVisitor`2.VisitCallSiteMain(ServiceCallSite callSite, TArgument argument)&#xD;
   at Microsoft.Extensions.DependencyInjection.ServiceLookup.CallSiteRuntimeResolver.VisitCache(ServiceCallSite callSite, RuntimeResolverContext context, ServiceProviderEngineScope serviceProviderEngine, RuntimeResolverLock lockType)&#xD;
   at Microsoft.Extensions.DependencyInjection.ServiceLookup.CallSiteRuntimeResolver.VisitScopeCache(ServiceCallSite callSite, RuntimeResolverContext context)&#xD;
   at Microsoft.Extensions.DependencyInjection.ServiceLookup.CallSiteVisitor`2.VisitCallSite(ServiceCallSite callSite, TArgument argument)&#xD;
   at Microsoft.Extensions.DependencyInjection.ServiceLookup.CallSiteRuntimeResolver.Resolve(ServiceCallSite callSite, ServiceProviderEngineScope scope)&#xD;
   at Microsoft.Extensions.DependencyInjection.ServiceLookup.DynamicServiceProviderEngine.&lt;&gt;c__DisplayClass2_0.&lt;RealizeService&gt;b__0(ServiceProviderEngineScope scope)&#xD;
   at Microsoft.Extensions.DependencyInjection.ServiceProvider.GetService(ServiceIdentifier serviceIdentifier, ServiceProviderEngineScope serviceProviderEngineScope)&#xD;
   at Microsoft.Extensions.DependencyInjection.ServiceLookup.ServiceProviderEngineScope.GetService(Type serviceType)&#xD;
   at Microsoft.Extensions.DependencyInjection.ServiceProviderServiceExtensions.GetRequiredService(IServiceProvider provider, Type serviceType)&#xD;
   at Microsoft.Extensions.DependencyInjection.ServiceProviderServiceExtensions.GetRequiredService[T](IServiceProvider provider)&#xD;
   at Microsoft.EntityFrameworkCore.DbContext.get_DbContextDependencies()&#xD;
   at Microsoft.EntityFrameworkCore.DbContext.get_ContextServices()&#xD;
   at Microsoft.EntityFrameworkCore.DbContext.get_InternalServiceProvider()&#xD;
   at Microsoft.EntityFrameworkCore.DbContext.Microsoft.EntityFrameworkCore.Infrastructure.IInfrastructure&lt;System.IServiceProvider&gt;.get_Instance()&#xD;
   at Microsoft.EntityFrameworkCore.Infrastructure.Internal.InfrastructureExtensions.GetService(IInfrastructure`1 accessor, Type serviceType)&#xD;
   at Microsoft.EntityFrameworkCore.Infrastructure.Internal.InfrastructureExtensions.GetService[TService](IInfrastructure`1 accessor)&#xD;
   at Microsoft.EntityFrameworkCore.Infrastructure.AccessorExtensions.GetService[TService](IInfrastructure`1 accessor)&#xD;
   at Microsoft.EntityFrameworkCore.Infrastructure.DatabaseFacade.get_Dependencies()&#xD;
   at Microsoft.EntityFrameworkCore.Infrastructure.DatabaseFacade.EnsureCreated()&#xD;
   at VNVTStore.Tests.Common.TestDbContextFactory.Create() in D:\VNVTStoreApp\VNVTStore.Backend\src\VNVTStore.Tests\Common\TestDbContextFactory.cs:line 19&#xD;
   at VNVTStore.Tests.Handlers.ProductHandlersTests..ctor() in D:\VNVTStoreApp\VNVTStore.Backend\src\VNVTStore.Tests\Handlers\ProductHandlersTests.cs:line 41&#xD;
   at System.RuntimeType.CreateInstanceDefaultCtor(Boolean publicOnly, Boolean wrapExceptions)</StackTrace>
        </ErrorInfo>
      </Output>
    </UnitTestResult>
    <UnitTestResult executionId="d56cbc4d-fb0a-47e0-a586-60dbb2e4c3dc" testId="52e2a107-d0d5-670e-0acf-a319bbde2b36" testName="VNVTStore.Tests.Domain.TblOrderTests.UpdateStatus_FromCancelled_ShouldThrowException" computerName="TIENVO" duration="00:00:00.0057047" startTime="2026-02-02T14:21:06.6027684+07:00" endTime="2026-02-02T14:21:06.6027685+07:00" testType="13cdc9d9-ddb5-4fa4-a97d-d965ccfc6d4b" outcome="Passed" testListId="8c84fa94-04c1-424b-9868-57a2d4851a1d" relativeResultsDirectory="d56cbc4d-fb0a-47e0-a586-60dbb2e4c3dc" />
    <UnitTestResult executionId="aea2527d-4bf4-4780-8fdd-7f10e79e313a" testId="5bf211bd-5881-3e94-a0a9-0186506c9ef6" testName="VNVTStore.Tests.Domain.TblOrderTests.AddOrderItem_ShouldAddItemToCollection" computerName="TIENVO" duration="00:00:00.0045739" startTime="2026-02-02T14:21:06.6031454+07:00" endTime="2026-02-02T14:21:06.6031455+07:00" testType="13cdc9d9-ddb5-4fa4-a97d-d965ccfc6d4b" outcome="Passed" testListId="8c84fa94-04c1-424b-9868-57a2d4851a1d" relativeResultsDirectory="aea2527d-4bf4-4780-8fdd-7f10e79e313a" />
    <UnitTestResult executionId="642c458f-887f-4958-a305-f879abd096e3" testId="7f7acdcc-c85b-0f74-19ad-3f059acc51e7" testName="VNVTStore.Tests.Integration.DbDiagnostics.CheckDatabaseCounts" computerName="TIENVO" duration="00:00:02.5086053" startTime="2026-02-02T14:21:09.4605274+07:00" endTime="2026-02-02T14:21:09.4605277+07:00" testType="13cdc9d9-ddb5-4fa4-a97d-d965ccfc6d4b" outcome="Failed" testListId="8c84fa94-04c1-424b-9868-57a2d4851a1d" relativeResultsDirectory="642c458f-887f-4958-a305-f879abd096e3">
      <Output>
        <ErrorInfo>
          <Message>System.InvalidOperationException : The 'OrderStatus' property 'TblOrder.Status' could not be mapped because the database provider does not support this type. Consider converting the property value to a type supported by the database using a value converter. See https://aka.ms/efcore-docs-value-converters for more information. Alternately, exclude the property from the model using the '[NotMapped]' attribute or by using 'EntityTypeBuilder.Ignore' in 'OnModelCreating'.</Message>
          <StackTrace>   at Microsoft.EntityFrameworkCore.Infrastructure.ModelValidator.ThrowPropertyNotMappedException(String propertyType, IConventionTypeBase typeBase, IConventionProperty unmappedProperty)&#xD;
   at Microsoft.EntityFrameworkCore.Infrastructure.RelationalModelValidator.ThrowPropertyNotMappedException(String propertyType, IConventionTypeBase typeBase, IConventionProperty unmappedProperty)&#xD;
   at Microsoft.EntityFrameworkCore.Infrastructure.ModelValidator.&lt;ValidatePropertyMapping&gt;g__Validate|7_0(IConventionTypeBase typeBase, &lt;&gt;c__DisplayClass7_0&amp;)&#xD;
   at Microsoft.EntityFrameworkCore.Infrastructure.ModelValidator.ValidatePropertyMapping(IModel model, IDiagnosticsLogger`1 logger)&#xD;
   at Microsoft.EntityFrameworkCore.Infrastructure.ModelValidator.Validate(IModel model, IDiagnosticsLogger`1 logger)&#xD;
   at Microsoft.EntityFrameworkCore.Infrastructure.RelationalModelValidator.Validate(IModel model, IDiagnosticsLogger`1 logger)&#xD;
   at Npgsql.EntityFrameworkCore.PostgreSQL.Infrastructure.Internal.NpgsqlModelValidator.Validate(IModel model, IDiagnosticsLogger`1 logger)&#xD;
   at Microsoft.EntityFrameworkCore.Infrastructure.ModelRuntimeInitializer.Initialize(IModel model, Boolean designTime, IDiagnosticsLogger`1 validationLogger)&#xD;
   at Microsoft.EntityFrameworkCore.Infrastructure.ModelSource.GetModel(DbContext context, ModelCreationDependencies modelCreationDependencies, Boolean designTime)&#xD;
   at Microsoft.EntityFrameworkCore.Internal.DbContextServices.CreateModel(Boolean designTime)&#xD;
   at Microsoft.EntityFrameworkCore.Internal.DbContextServices.get_Model()&#xD;
   at Microsoft.EntityFrameworkCore.Infrastructure.EntityFrameworkServicesBuilder.&lt;&gt;c.&lt;TryAddCoreServices&gt;b__8_4(IServiceProvider p)&#xD;
   at Microsoft.Extensions.DependencyInjection.ServiceLookup.CallSiteRuntimeResolver.VisitFactory(FactoryCallSite factoryCallSite, RuntimeResolverContext context)&#xD;
   at Microsoft.Extensions.DependencyInjection.ServiceLookup.CallSiteVisitor`2.VisitCallSiteMain(ServiceCallSite callSite, TArgument argument)&#xD;
   at Microsoft.Extensions.DependencyInjection.ServiceLookup.CallSiteRuntimeResolver.VisitCache(ServiceCallSite callSite, RuntimeResolverContext context, ServiceProviderEngineScope serviceProviderEngine, RuntimeResolverLock lockType)&#xD;
   at Microsoft.Extensions.DependencyInjection.ServiceLookup.CallSiteRuntimeResolver.VisitScopeCache(ServiceCallSite callSite, RuntimeResolverContext context)&#xD;
   at Microsoft.Extensions.DependencyInjection.ServiceLookup.CallSiteVisitor`2.VisitCallSite(ServiceCallSite callSite, TArgument argument)&#xD;
   at Microsoft.Extensions.DependencyInjection.ServiceLookup.CallSiteRuntimeResolver.VisitConstructor(ConstructorCallSite constructorCallSite, RuntimeResolverContext context)&#xD;
   at Microsoft.Extensions.DependencyInjection.ServiceLookup.CallSiteVisitor`2.VisitCallSiteMain(ServiceCallSite callSite, TArgument argument)&#xD;
   at Microsoft.Extensions.DependencyInjection.ServiceLookup.CallSiteRuntimeResolver.VisitCache(ServiceCallSite callSite, RuntimeResolverContext context, ServiceProviderEngineScope serviceProviderEngine, RuntimeResolverLock lockType)&#xD;
   at Microsoft.Extensions.DependencyInjection.ServiceLookup.CallSiteRuntimeResolver.VisitScopeCache(ServiceCallSite callSite, RuntimeResolverContext context)&#xD;
   at Microsoft.Extensions.DependencyInjection.ServiceLookup.CallSiteVisitor`2.VisitCallSite(ServiceCallSite callSite, TArgument argument)&#xD;
   at Microsoft.Extensions.DependencyInjection.ServiceLookup.CallSiteRuntimeResolver.VisitConstructor(ConstructorCallSite constructorCallSite, RuntimeResolverContext context)&#xD;
   at Microsoft.Extensions.DependencyInjection.ServiceLookup.CallSiteVisitor`2.VisitCallSiteMain(ServiceCallSite callSite, TArgument argument)&#xD;
   at Microsoft.Extensions.DependencyInjection.ServiceLookup.CallSiteRuntimeResolver.VisitCache(ServiceCallSite callSite, RuntimeResolverContext context, ServiceProviderEngineScope serviceProviderEngine, RuntimeResolverLock lockType)&#xD;
   at Microsoft.Extensions.DependencyInjection.ServiceLookup.CallSiteRuntimeResolver.VisitScopeCache(ServiceCallSite callSite, RuntimeResolverContext context)&#xD;
   at Microsoft.Extensions.DependencyInjection.ServiceLookup.CallSiteVisitor`2.VisitCallSite(ServiceCallSite callSite, TArgument argument)&#xD;
   at Microsoft.Extensions.DependencyInjection.ServiceLookup.CallSiteRuntimeResolver.VisitConstructor(ConstructorCallSite constructorCallSite, RuntimeResolverContext context)&#xD;
   at Microsoft.Extensions.DependencyInjection.ServiceLookup.CallSiteVisitor`2.VisitCallSiteMain(ServiceCallSite callSite, TArgument argument)&#xD;
   at Microsoft.Extensions.DependencyInjection.ServiceLookup.CallSiteRuntimeResolver.VisitCache(ServiceCallSite callSite, RuntimeResolverContext context, ServiceProviderEngineScope serviceProviderEngine, RuntimeResolverLock lockType)&#xD;
   at Microsoft.Extensions.DependencyInjection.ServiceLookup.CallSiteRuntimeResolver.VisitScopeCache(ServiceCallSite callSite, RuntimeResolverContext context)&#xD;
   at Microsoft.Extensions.DependencyInjection.ServiceLookup.CallSiteVisitor`2.VisitCallSite(ServiceCallSite callSite, TArgument argument)&#xD;
   at Microsoft.Extensions.DependencyInjection.ServiceLookup.CallSiteRuntimeResolver.VisitConstructor(ConstructorCallSite constructorCallSite, RuntimeResolverContext context)&#xD;
   at Microsoft.Extensions.DependencyInjection.ServiceLookup.CallSiteVisitor`2.VisitCallSiteMain(ServiceCallSite callSite, TArgument argument)&#xD;
   at Microsoft.Extensions.DependencyInjection.ServiceLookup.CallSiteRuntimeResolver.VisitCache(ServiceCallSite callSite, RuntimeResolverContext context, ServiceProviderEngineScope serviceProviderEngine, RuntimeResolverLock lockType)&#xD;
   at Microsoft.Extensions.DependencyInjection.ServiceLookup.CallSiteRuntimeResolver.VisitScopeCache(ServiceCallSite callSite, RuntimeResolverContext context)&#xD;
   at Microsoft.Extensions.DependencyInjection.ServiceLookup.CallSiteVisitor`2.VisitCallSite(ServiceCallSite callSite, TArgument argument)&#xD;
   at Microsoft.Extensions.DependencyInjection.ServiceLookup.CallSiteRuntimeResolver.VisitConstructor(ConstructorCallSite constructorCallSite, RuntimeResolverContext context)&#xD;
   at Microsoft.Extensions.DependencyInjection.ServiceLookup.CallSiteVisitor`2.VisitCallSiteMain(ServiceCallSite callSite, TArgument argument)&#xD;
   at Microsoft.Extensions.DependencyInjection.ServiceLookup.CallSiteRuntimeResolver.VisitCache(ServiceCallSite callSite, RuntimeResolverContext context, ServiceProviderEngineScope serviceProviderEngine, RuntimeResolverLock lockType)&#xD;
   at Microsoft.Extensions.DependencyInjection.ServiceLookup.CallSiteRuntimeResolver.VisitScopeCache(ServiceCallSite callSite, RuntimeResolverContext context)&#xD;
   at Microsoft.Extensions.DependencyInjection.ServiceLookup.CallSiteVisitor`2.VisitCallSite(ServiceCallSite callSite, TArgument argument)&#xD;
   at Microsoft.Extensions.DependencyInjection.ServiceLookup.CallSiteRuntimeResolver.Resolve(ServiceCallSite callSite, ServiceProviderEngineScope scope)&#xD;
   at Microsoft.Extensions.DependencyInjection.ServiceLookup.DynamicServiceProviderEngine.&lt;&gt;c__DisplayClass2_0.&lt;RealizeService&gt;b__0(ServiceProviderEngineScope scope)&#xD;
   at Microsoft.Extensions.DependencyInjection.ServiceProvider.GetService(ServiceIdentifier serviceIdentifier, ServiceProviderEngineScope serviceProviderEngineScope)&#xD;
   at Microsoft.Extensions.DependencyInjection.ServiceLookup.ServiceProviderEngineScope.GetService(Type serviceType)&#xD;
   at Microsoft.Extensions.DependencyInjection.ServiceProviderServiceExtensions.GetRequiredService(IServiceProvider provider, Type serviceType)&#xD;
   at Microsoft.Extensions.DependencyInjection.ServiceProviderServiceExtensions.GetRequiredService[T](IServiceProvider provider)&#xD;
   at Microsoft.EntityFrameworkCore.DbContext.get_DbContextDependencies()&#xD;
   at Microsoft.EntityFrameworkCore.DbContext.get_ContextServices()&#xD;
   at Microsoft.EntityFrameworkCore.DbContext.get_InternalServiceProvider()&#xD;
   at Microsoft.EntityFrameworkCore.DbContext.Microsoft.EntityFrameworkCore.Infrastructure.IInfrastructure&lt;System.IServiceProvider&gt;.get_Instance()&#xD;
   at Microsoft.EntityFrameworkCore.Infrastructure.Internal.InfrastructureExtensions.GetService(IInfrastructure`1 accessor, Type serviceType)&#xD;
   at Microsoft.EntityFrameworkCore.Infrastructure.Internal.InfrastructureExtensions.GetService[TService](IInfrastructure`1 accessor)&#xD;
   at Microsoft.EntityFrameworkCore.Infrastructure.AccessorExtensions.GetService[TService](IInfrastructure`1 accessor)&#xD;
   at Microsoft.EntityFrameworkCore.Infrastructure.DatabaseFacade.get_Dependencies()&#xD;
   at Microsoft.EntityFrameworkCore.Infrastructure.DatabaseFacade.CanConnectAsync(CancellationToken cancellationToken)&#xD;
   at VNVTStore.Tests.Integration.DbDiagnostics.CheckDatabaseCounts() in D:\VNVTStoreApp\VNVTStore.Backend\src\VNVTStore.Tests\Integration\DbDiagnostics.cs:line 22&#xD;
--- End of stack trace from previous location ---</StackTrace>
        </ErrorInfo>
      </Output>
    </UnitTestResult>
    <UnitTestResult executionId="8e8865e0-54f1-456e-9ab4-2388399edfa6" testId="8cf2b7d7-4f78-209e-a699-a9f98d8b5236" testName="VNVTStore.Tests.Features.LoyaltyAndInventoryTests.LoyaltyPoints_ShouldAwardOnePointPer10000VND" computerName="TIENVO" duration="00:00:00.0298318" startTime="2026-02-02T14:21:06.4753744+07:00" endTime="2026-02-02T14:21:06.4753748+07:00" testType="13cdc9d9-ddb5-4fa4-a97d-d965ccfc6d4b" outcome="Passed" testListId="8c84fa94-04c1-424b-9868-57a2d4851a1d" relativeResultsDirectory="8e8865e0-54f1-456e-9ab4-2388399edfa6" />
    <UnitTestResult executionId="87a2e884-4ade-401d-9c20-faa0cc27f16b" testId="d9a5737e-c3aa-8357-0918-b64359277f74" testName="VNVTStore.Tests.Integration.DashboardApiTests.GetStats_ReturnsSuccessOrAuth" computerName="TIENVO" duration="00:00:00.0010000" startTime="2026-02-02T14:21:12.0760733+07:00" endTime="2026-02-02T14:21:12.0760739+07:00" testType="13cdc9d9-ddb5-4fa4-a97d-d965ccfc6d4b" outcome="Failed" testListId="8c84fa94-04c1-424b-9868-57a2d4851a1d" relativeResultsDirectory="87a2e884-4ade-401d-9c20-faa0cc27f16b">
      <Output>
        <ErrorInfo>
          <Message>System.InvalidOperationException : The server has not been started or no web application was configured.</Message>
          <StackTrace>   at Microsoft.AspNetCore.TestHost.TestServer.get_Application()&#xD;
   at Microsoft.AspNetCore.TestHost.TestServer.CreateHandler()&#xD;
   at Microsoft.AspNetCore.Mvc.Testing.WebApplicationFactory`1.CreateDefaultClient(DelegatingHandler[] handlers)&#xD;
   at Microsoft.AspNetCore.Mvc.Testing.WebApplicationFactory`1.CreateDefaultClient(Uri baseAddress, DelegatingHandler[] handlers)&#xD;
   at Microsoft.AspNetCore.Mvc.Testing.WebApplicationFactory`1.CreateClient(WebApplicationFactoryClientOptions options)&#xD;
   at Microsoft.AspNetCore.Mvc.Testing.WebApplicationFactory`1.CreateClient()&#xD;
   at VNVTStore.Tests.Integration.ApiTestBase..ctor(WebApplicationFactory`1 factory) in D:\VNVTStoreApp\VNVTStore.Backend\src\VNVTStore.Tests\Integration\ApiTestBase.cs:line 16&#xD;
   at VNVTStore.Tests.Integration.DashboardApiTests..ctor(WebApplicationFactory`1 factory) in D:\VNVTStoreApp\VNVTStore.Backend\src\VNVTStore.Tests\Integration\DashboardApiTests.cs:line 12&#xD;
[...]
[xUnit.net 00:00:06.82]            at Microsoft.EntityFrameworkCore.Infrastructure.AccessorExtensions.GetService[TService](IInfrastructure`1 accessor)&#xD;
[xUnit.net 00:00:06.82]            at Microsoft.EntityFrameworkCore.Infrastructure.DatabaseFacade.get_Dependencies()&#xD;
[xUnit.net 00:00:06.82]            at Microsoft.EntityFrameworkCore.Infrastructure.DatabaseFacade.EnsureCreated()&#xD;
[xUnit.net 00:00:06.82]         D:\VNVTStoreApp\VNVTStore.Backend\src\VNVTStore.Tests\Common\TestDbContextFactory.cs(19,0): at VNVTStore.Tests.Common.TestDbContextFactory.Create()&#xD;
[xUnit.net 00:00:06.82]         D:\VNVTStoreApp\VNVTStore.Backend\src\VNVTStore.Tests\Handlers\ProductHandlersTests.cs(41,0): at VNVTStore.Tests.Handlers.ProductHandlersTests..ctor()&#xD;
[xUnit.net 00:00:06.82]            at System.RuntimeType.CreateInstanceDefaultCtor(Boolean publicOnly, Boolean wrapExceptions)&#xD;
[xUnit.net 00:00:07.85]       System.InvalidOperationException : The server has not been started or no web application was configured.&#xD;
[xUnit.net 00:00:07.85]       Stack Trace:&#xD;
[xUnit.net 00:00:07.85]            at Microsoft.AspNetCore.TestHost.TestServer.get_Application()&#xD;
[xUnit.net 00:00:07.85]            at Microsoft.AspNetCore.TestHost.TestServer.CreateHandler()&#xD;
[xUnit.net 00:00:07.85]            at Microsoft.AspNetCore.Mvc.Testing.WebApplicationFactory`1.CreateDefaultClient(DelegatingHandler[] handlers)&#xD;
[xUnit.net 00:00:07.85]            at Microsoft.AspNetCore.Mvc.Testing.WebApplicationFactory`1.CreateDefaultClient(Uri baseAddress, DelegatingHandler[] handlers)&#xD;
[xUnit.net 00:00:07.85]            at Microsoft.AspNetCore.Mvc.Testing.WebApplicationFactory`1.CreateClient(WebApplicationFactoryClientOptions options)&#xD;
[xUnit.net 00:00:07.85]            at Microsoft.AspNetCore.Mvc.Testing.WebApplicationFactory`1.CreateClient()&#xD;
[xUnit.net 00:00:07.85]         D:\VNVTStoreApp\VNVTStore.Backend\src\VNVTStore.Tests\Integration\ApiTestBase.cs(16,0): at VNVTStore.Tests.Integration.ApiTestBase..ctor(WebApplicationFactory`1 factory)&#xD;
[xUnit.net 00:00:07.85]         D:\VNVTStoreApp\VNVTStore.Backend\src\VNVTStore.Tests\Integration\OrderApiTests.cs(11,0): at VNVTStore.Tests.Integration.OrderApiTests..ctor(WebApplicationFactory`1 factory)&#xD;
[xUnit.net 00:00:07.85]            at System.RuntimeMethodHandle.InvokeMethod(Object target, Void** arguments, Signature sig, Boolean isConstructor)&#xD;
[xUnit.net 00:00:07.85]            at System.Reflection.MethodBaseInvoker.InvokeDirectByRefWithFewArgs(Object obj, Span`1 copyOfArgs, BindingFlags invokeAttr)&#xD;
[xUnit.net 00:00:07.97]       System.InvalidOperationException : No backing field was found for property 'TblOrder.TblOrderItems'. Name the backing field so that it is discovered by convention, configure the backing field to use, or use a different 'PropertyAccessMode'.&#xD;
[xUnit.net 00:00:07.97]       Stack Trace:&#xD;
[xUnit.net 00:00:07.97]            at Microsoft.EntityFrameworkCore.Infrastructure.ModelValidator.&lt;ValidateFieldMapping&gt;g__Validate|24_0(ITypeBase typeBase)&#xD;
[xUnit.net 00:00:07.97]            at Microsoft.EntityFrameworkCore.Infrastructure.ModelValidator.ValidateFieldMapping(IModel model, IDiagnosticsLogger`1 logger)&#xD;
[xUnit.net 00:00:07.98]            at Microsoft.EntityFrameworkCore.Infrastructure.ModelValidator.Validate(IModel model, IDiagnosticsLogger`1 logger)&#xD;
[xUnit.net 00:00:07.98]            at Microsoft.EntityFrameworkCore.Infrastructure.RelationalModelValidator.Validate(IModel model, IDiagnosticsLogger`1 logger)&#xD;
[xUnit.net 00:00:07.98]            at Microsoft.EntityFrameworkCore.Sqlite.Infrastructure.Internal.SqliteModelValidator.Validate(IModel model, IDiagnosticsLogger`1 logger)&#xD;
[xUnit.net 00:00:07.98]            at Microsoft.EntityFrameworkCore.Infrastructure.ModelRuntimeInitializer.Initialize(IModel model, Boolean designTime, IDiagnosticsLogger`1 validationLogger)&#xD;
[xUnit.net 00:00:07.98]            at Microsoft.EntityFrameworkCore.Infrastructure.ModelSource.GetModel(DbContext context, ModelCreationDependencies modelCreationDependencies, Boolean designTime)&#xD;
[xUnit.net 00:00:07.98]            at Microsoft.EntityFrameworkCore.Internal.DbContextServices.CreateModel(Boolean designTime)&#xD;
[xUnit.net 00:00:07.98]            at Microsoft.EntityFrameworkCore.Internal.DbContextServices.get_Model()&#xD;
[xUnit.net 00:00:07.98]            at Microsoft.EntityFrameworkCore.Infrastructure.EntityFrameworkServicesBuilder.&lt;&gt;c.&lt;TryAddCoreServices&gt;b__8_4(IServiceProvider p)&#xD;
[xUnit.net 00:00:07.98]            at Microsoft.Extensions.DependencyInjection.ServiceLookup.CallSiteRuntimeResolver.VisitFactory(FactoryCallSite factoryCallSite, RuntimeResolverContext context)&#xD;
[xUnit.net 00:00:07.98]            at Microsoft.Extensions.DependencyInjection.ServiceLookup.CallSiteVisitor`2.VisitCallSiteMain(ServiceCallSite callSite, TArgument argument)&#xD;
[xUnit.net 00:00:07.98]            at Microsoft.Extensions.DependencyInjection.ServiceLookup.CallSiteRuntimeResolver.VisitCache(ServiceCallSite callSite, RuntimeResolverContext context, ServiceProviderEngineScope serviceProviderEngine, RuntimeResolverLock lockType)&#xD;
[xUnit.net 00:00:07.98]            at Microsoft.Extensions.DependencyInjection.ServiceLookup.CallSiteRuntimeResolver.VisitScopeCache(ServiceCallSite callSite, RuntimeResolverContext context)&#xD;
[xUnit.net 00:00:07.98]            at Microsoft.Extensions.DependencyInjection.ServiceLookup.CallSiteVisitor`2.VisitCallSite(ServiceCallSite callSite, TArgument argument)&#xD;
[xUnit.net 00:00:07.98]            at Microsoft.Extensions.DependencyInjection.ServiceLookup.CallSiteRuntimeResolver.VisitConstructor(ConstructorCallSite constructorCallSite, RuntimeResolverContext context)&#xD;
[xUnit.net 00:00:07.98]            at Microsoft.Extensions.DependencyInjection.ServiceLookup.CallSiteVisitor`2.VisitCallSiteMain(ServiceCallSite callSite, TArgument argument)&#xD;
[xUnit.net 00:00:07.98]            at Microsoft.Extensions.DependencyInjection.ServiceLookup.CallSiteRuntimeResolver.VisitCache(ServiceCallSite callSite, RuntimeResolverContext context, ServiceProviderEngineScope serviceProviderEngine, RuntimeResolverLock lockType)&#xD;
[xUnit.net 00:00:07.98]            at Microsoft.Extensions.DependencyInjection.ServiceLookup.CallSiteRuntimeResolver.VisitScopeCache(ServiceCallSite callSite, RuntimeResolverContext context)&#xD;
[xUnit.net 00:00:07.98]            at Microsoft.Extensions.DependencyInjection.ServiceLookup.CallSiteVisitor`2.VisitCallSite(ServiceCallSite callSite, TArgument argument)&#xD;
[xUnit.net 00:00:07.98]            at Microsoft.Extensions.DependencyInjection.ServiceLookup.CallSiteRuntimeResolver.VisitConstructor(ConstructorCallSite constructorCallSite, RuntimeResolverContext context)&#xD;
[xUnit.net 00:00:07.98]            at Microsoft.Extensions.DependencyInjection.ServiceLookup.CallSiteVisitor`2.VisitCallSiteMain(ServiceCallSite callSite, TArgument argument)&#xD;
[xUnit.net 00:00:07.98]            at Microsoft.Extensions.DependencyInjection.ServiceLookup.CallSiteRuntimeResolver.VisitCache(ServiceCallSite callSite, RuntimeResolverContext context, ServiceProviderEngineScope serviceProviderEngine, RuntimeResolverLock lockType)&#xD;
[xUnit.net 00:00:07.98]            at Microsoft.Extensions.DependencyInjection.ServiceLookup.CallSiteRuntimeResolver.VisitScopeCache(ServiceCallSite callSite, RuntimeResolverContext context)&#xD;
[xUnit.net 00:00:07.98]            at Microsoft.Extensions.DependencyInjection.ServiceLookup.CallSiteVisitor`2.VisitCallSite(ServiceCallSite callSite, TArgument argument)&#xD;
[xUnit.net 00:00:07.98]            at Microsoft.Extensions.DependencyInjection.ServiceLookup.CallSiteRuntimeResolver.VisitConstructor(ConstructorCallSite constructorCallSite, RuntimeResolverContext context)&#xD;
[xUnit.net 00:00:07.98]            at Microsoft.Extensions.DependencyInjection.ServiceLookup.CallSiteVisitor`2.VisitCallSiteMain(ServiceCallSite callSite, TArgument argument)&#xD;
[xUnit.net 00:00:07.98]            at Microsoft.Extensions.DependencyInjection.ServiceLookup.CallSiteRuntimeResolver.VisitCache(ServiceCallSite callSite, RuntimeResolverContext context, ServiceProviderEngineScope serviceProviderEngine, RuntimeResolverLock lockType)&#xD;
[xUnit.net 00:00:07.98]            at Microsoft.Extensions.DependencyInjection.ServiceLookup.CallSiteRuntimeResolver.VisitScopeCache(ServiceCallSite callSite, RuntimeResolverContext context)&#xD;
[xUnit.net 00:00:07.98]            at Microsoft.Extensions.DependencyInjection.ServiceLookup.CallSiteVisitor`2.VisitCallSite(ServiceCallSite callSite, TArgument argument)&#xD;
[xUnit.net 00:00:07.98]            at Microsoft.Extensions.DependencyInjection.ServiceLookup.CallSiteRuntimeResolver.VisitConstructor(ConstructorCallSite constructorCallSite, RuntimeResolverContext context)&#xD;
[xUnit.net 00:00:07.98]            at Microsoft.Extensions.DependencyInjection.ServiceLookup.CallSiteVisitor`2.VisitCallSiteMain(ServiceCallSite callSite, TArgument argument)&#xD;
[xUnit.net 00:00:07.98]            at Microsoft.Extensions.DependencyInjection.ServiceLookup.CallSiteRuntimeResolver.VisitCache(ServiceCallSite callSite, RuntimeResolverContext context, ServiceProviderEngineScope serviceProviderEngine, RuntimeResolverLock lockType)&#xD;
[xUnit.net 00:00:07.98]            at Microsoft.Extensions.DependencyInjection.ServiceLookup.CallSiteRuntimeResolver.VisitScopeCache(ServiceCallSite callSite, RuntimeResolverContext context)&#xD;
[xUnit.net 00:00:07.98]            at Microsoft.Extensions.DependencyInjection.ServiceLookup.CallSiteVisitor`2.VisitCallSite(ServiceCallSite callSite, TArgument argument)&#xD;
[xUnit.net 00:00:07.98]            at Microsoft.Extensions.DependencyInjection.ServiceLookup.CallSiteRuntimeResolver.VisitConstructor(ConstructorCallSite constructorCallSite, RuntimeResolverContext context)&#xD;
[xUnit.net 00:00:07.98]            at Microsoft.Extensions.DependencyInjection.ServiceLookup.CallSiteVisitor`2.VisitCallSiteMain(ServiceCallSite callSite, TArgument argument)&#xD;
[xUnit.net 00:00:07.98]            at Microsoft.Extensions.DependencyInjection.ServiceLookup.CallSiteRuntimeResolver.VisitCache(ServiceCallSite callSite, RuntimeResolverContext context, ServiceProviderEngineScope serviceProviderEngine, RuntimeResolverLock lockType)&#xD;
[xUnit.net 00:00:07.98]            at Microsoft.Extensions.DependencyInjection.ServiceLookup.CallSiteRuntimeResolver.VisitScopeCache(ServiceCallSite callSite, RuntimeResolverContext context)&#xD;
[xUnit.net 00:00:07.98]            at Microsoft.Extensions.DependencyInjection.ServiceLookup.CallSiteVisitor`2.VisitCallSite(ServiceCallSite callSite, TArgument argument)&#xD;
[xUnit.net 00:00:07.98]            at Microsoft.Extensions.DependencyInjection.ServiceLookup.CallSiteRuntimeResolver.Resolve(ServiceCallSite callSite, ServiceProviderEngineScope scope)&#xD;
[xUnit.net 00:00:07.98]            at Microsoft.Extensions.DependencyInjection.ServiceLookup.DynamicServiceProviderEngine.&lt;&gt;c__DisplayClass2_0.&lt;RealizeService&gt;b__0(ServiceProviderEngineScope scope)&#xD;
[xUnit.net 00:00:07.98]            at Microsoft.Extensions.DependencyInjection.ServiceProvider.GetService(ServiceIdentifier serviceIdentifier, ServiceProviderEngineScope serviceProviderEngineScope)&#xD;
[xUnit.net 00:00:07.98]            at Microsoft.Extensions.DependencyInjection.ServiceLookup.ServiceProviderEngineScope.GetService(Type serviceType)&#xD;
[xUnit.net 00:00:07.98]            at Microsoft.Extensions.DependencyInjection.ServiceProviderServiceExtensions.GetRequiredService(IServiceProvider provider, Type serviceType)&#xD;
[xUnit.net 00:00:07.98]            at Microsoft.Extensions.DependencyInjection.ServiceProviderServiceExtensions.GetRequiredService[T](IServiceProvider provider)&#xD;
[xUnit.net 00:00:07.99]            at Microsoft.EntityFrameworkCore.DbContext.get_DbContextDependencies()&#xD;
[xUnit.net 00:00:07.99]            at Microsoft.EntityFrameworkCore.DbContext.get_ContextServices()&#xD;
[xUnit.net 00:00:07.99]            at Microsoft.EntityFrameworkCore.DbContext.get_InternalServiceProvider()&#xD;
[xUnit.net 00:00:07.99]            at Microsoft.EntityFrameworkCore.DbContext.Microsoft.EntityFrameworkCore.Infrastructure.IInfrastructure&lt;System.IServiceProvider&gt;.get_Instance()&#xD;
[xUnit.net 00:00:07.99]            at Microsoft.EntityFrameworkCore.Infrastructure.Internal.InfrastructureExtensions.GetService(IInfrastructure`1 accessor, Type serviceType)&#xD;
[xUnit.net 00:00:07.99]            at Microsoft.EntityFrameworkCore.Infrastructure.Internal.InfrastructureExtensions.GetService[TService](IInfrastructure`1 accessor)&#xD;
[xUnit.net 00:00:07.99]            at Microsoft.EntityFrameworkCore.Infrastructure.AccessorExtensions.GetService[TService](IInfrastructure`1 accessor)&#xD;
[xUnit.net 00:00:07.99]            at Microsoft.EntityFrameworkCore.Infrastructure.DatabaseFacade.get_Dependencies()&#xD;
[xUnit.net 00:00:07.99]            at Microsoft.EntityFrameworkCore.Infrastructure.DatabaseFacade.EnsureCreated()&#xD;
[xUnit.net 00:00:07.99]         D:\VNVTStoreApp\VNVTStore.Backend\src\VNVTStore.Tests\Common\TestDbContextFactory.cs(19,0): at VNVTStore.Tests.Common.TestDbContextFactory.Create()&#xD;
[xUnit.net 00:00:07.99]         D:\VNVTStoreApp\VNVTStore.Backend\src\VNVTStore.Tests\Handlers\ProductHandlersTests.cs(41,0): at VNVTStore.Tests.Handlers.ProductHandlersTests..ctor()&#xD;
[xUnit.net 00:00:07.99]            at System.RuntimeType.CreateInstanceDefaultCtor(Boolean publicOnly, Boolean wrapExceptions)&#xD;
[xUnit.net 00:00:08.84]       System.InvalidOperationException : The server has not been started or no web application was configured.&#xD;
[xUnit.net 00:00:08.84]       Stack Trace:&#xD;
[xUnit.net 00:00:08.84]            at Microsoft.AspNetCore.TestHost.TestServer.get_Application()&#xD;
[xUnit.net 00:00:08.84]            at Microsoft.AspNetCore.TestHost.TestServer.CreateHandler()&#xD;
[xUnit.net 00:00:08.84]            at Microsoft.AspNetCore.Mvc.Testing.WebApplicationFactory`1.CreateDefaultClient(DelegatingHandler[] handlers)&#xD;
[xUnit.net 00:00:08.84]            at Microsoft.AspNetCore.Mvc.Testing.WebApplicationFactory`1.CreateDefaultClient(Uri baseAddress, DelegatingHandler[] handlers)&#xD;
[xUnit.net 00:00:08.84]            at Microsoft.AspNetCore.Mvc.Testing.WebApplicationFactory`1.CreateClient(WebApplicationFactoryClientOptions options)&#xD;
[xUnit.net 00:00:08.84]            at Microsoft.AspNetCore.Mvc.Testing.WebApplicationFactory`1.CreateClient()&#xD;
[xUnit.net 00:00:08.84]         D:\VNVTStoreApp\VNVTStore.Backend\src\VNVTStore.Tests\Integration\ApiTestBase.cs(16,0): at VNVTStore.Tests.Integration.ApiTestBase..ctor(WebApplicationFactory`1 factory)&#xD;
[xUnit.net 00:00:08.84]         D:\VNVTStoreApp\VNVTStore.Backend\src\VNVTStore.Tests\Integration\ProductApiTests.cs(21,0): at VNVTStore.Tests.Integration.ProductApiTests..ctor(WebApplicationFactory`1 factory)&#xD;
[xUnit.net 00:00:08.84]            at System.RuntimeMethodHandle.InvokeMethod(Object target, Void** arguments, Signature sig, Boolean isConstructor)&#xD;
[xUnit.net 00:00:08.84]            at System.Reflection.MethodBaseInvoker.InvokeDirectByRefWithFewArgs(Object obj, Span`1 copyOfArgs, BindingFlags invokeAttr)&#xD;
[xUnit.net 00:00:08.85]   Finished:    VNVTStore.Tests&#xD;
</StdOut>
    </Output>
    <RunInfos>
      <RunInfo computerName="TIENVO" outcome="Error" timestamp="2026-02-02T14:21:06.9776989+07:00">
        <Text>[xUnit.net 00:00:01.12]     VNVTStore.Tests.Handlers.UserHandlersTests.GetUserProfile_ShouldReturnData_WhenUserExists [FAIL]</Text>
      </RunInfo>
      <RunInfo computerName="TIENVO" outcome="Error" timestamp="2026-02-02T14:21:06.9850001+07:00">
        <Text>[xUnit.net 00:00:01.13]     VNVTStore.Tests.Handlers.UserHandlersTests.GetUserProfile_ShouldReturnFailure_WhenUserDoesNotExist [FAIL]</Text>
      </RunInfo>
      <RunInfo computerName="TIENVO" outcome="Error" timestamp="2026-02-02T14:21:09.3172025+07:00">
        <Text>[xUnit.net 00:00:03.46]     VNVTStore.Tests.Handlers.UpdateProductHandlerTests.Handle_UpdateProductWithImages_ShouldCallSyncProductImages [FAIL]</Text>
      </RunInfo>
      <RunInfo computerName="TIENVO" outcome="Error" timestamp="2026-02-02T14:21:09.4761868+07:00">
        <Text>[xUnit.net 00:00:03.59]     VNVTStore.Tests.Integration.DbDiagnostics.CheckDatabaseCounts [FAIL]</Text>
      </RunInfo>
      <RunInfo computerName="TIENVO" outcome="Error" timestamp="2026-02-02T14:21:10.5123397+07:00">
        <Text>[xUnit.net 00:00:04.65]     VNVTStore.Tests.Handlers.ProductHandlersTests.CreateProduct_Success_ReturnsDto [FAIL]</Text>
      </RunInfo>
      <RunInfo computerName="TIENVO" outcome="Error" timestamp="2026-02-02T14:21:11.5112879+07:00">
        <Text>[xUnit.net 00:00:05.64]     VNVTStore.Tests.Handlers.UpdateProductHandlerTests.Handle_UpdateProductWithChildren_ShouldReplaceChildren [FAIL]</Text>
      </RunInfo>
      <RunInfo computerName="TIENVO" outcome="Error" timestamp="2026-02-02T14:21:11.5807363+07:00">
        <Text>[xUnit.net 00:00:05.72]     VNVTStore.Tests.Integration.AuthApiTests.Register_ShouldCreateUnverifiedUserAndReturnSuccess [FAIL]</Text>
      </RunInfo>
      <RunInfo computerName="TIENVO" outcome="Error" timestamp="2026-02-02T14:21:11.5824623+07:00">
        <Text>[xUnit.net 00:00:05.72]     VNVTStore.Tests.Integration.CategoryApiTests.Create_InvalidAccess_ShouldNotBeSuccessful [FAIL]</Text>
      </RunInfo>
      <RunInfo computerName="TIENVO" outcome="Error" timestamp="2026-02-02T14:21:11.5838167+07:00">
        <Text>[xUnit.net 00:00:05.72]     VNVTStore.Tests.Integration.AuthApiTests.VerifyEmail_WithValidToken_ShouldActivateUser [FAIL]</Text>
      </RunInfo>
      <RunInfo computerName="TIENVO" outcome="Error" timestamp="2026-02-02T14:21:11.5873291+07:00">
        <Text>[xUnit.net 00:00:05.73]     VNVTStore.Tests.Integration.AuthApiTests.ResetPassword_WithValidToken_ShouldChangePassword [FAIL]</Text>
      </RunInfo>
      <RunInfo computerName="TIENVO" outcome="Error" timestamp="2026-02-02T14:21:11.5896635+07:00">
        <Text>[xUnit.net 00:00:05.73]     VNVTStore.Tests.Integration.AuthApiTests.ForgotPassword_ShouldGenerateTokenAndReturnSuccess [FAIL]</Text>
      </RunInfo>
      <RunInfo computerName="TIENVO" outcome="Error" timestamp="2026-02-02T14:21:11.5907890+07:00">
        <Text>[xUnit.net 00:00:05.73]     VNVTStore.Tests.Integration.CategoryApiTests.GetAll_ShouldNotReturnServerError [FAIL]</Text>
      </RunInfo>
      <RunInfo computerName="TIENVO" outcome="Error" timestamp="2026-02-02T14:21:12.0655672+07:00">
        <Text>[xUnit.net 00:00:06.21]     VNVTStore.Tests.Integration.DashboardApiTests.GetStats_ReturnsSuccessOrAuth [FAIL]</Text>
      </RunInfo>
      <RunInfo computerName="TIENVO" outcome="Error" timestamp="2026-02-02T14:21:12.6646223+07:00">
        <Text>[xUnit.net 00:00:06.80]     VNVTStore.Tests.Handlers.ProductHandlersTests.DeleteProduct_Success_PerformsSoftDelete [FAIL]</Text>
      </RunInfo>
      <RunInfo computerName="TIENVO" outcome="Error" timestamp="2026-02-02T14:21:13.7115721+07:00">
        <Text>[xUnit.net 00:00:07.85]     VNVTStore.Tests.Integration.OrderApiTests.GetOrders_ReturnsSuccessOrUnauthorized [FAIL]</Text>
      </RunInfo>
      <RunInfo computerName="TIENVO" outcome="Error" timestamp="2026-02-02T14:21:13.8325336+07:00">
        <Text>[xUnit.net 00:00:07.97]     VNVTStore.Tests.Handlers.ProductHandlersTests.CreateProduct_WithAllFields_Success [FAIL]</Text>
      </RunInfo>
      <RunInfo computerName="TIENVO" outcome="Error" timestamp="2026-02-02T14:21:14.6938346+07:00">
        <Text>[xUnit.net 00:00:08.84]     VNVTStore.Tests.Integration.ProductApiTests.CreateProduct_WithValidData_ShouldReturnSuccess [FAIL]</Text>
      </RunInfo>
    </RunInfos>
  </ResultSummary>
</TestRun>